{"C:\\Users\\hong\\projects\\geekTime\\homework\\week11\\html-parser\\src\\parser.js":{"path":"C:\\Users\\hong\\projects\\geekTime\\homework\\week11\\html-parser\\src\\parser.js","statementMap":{"0":{"start":{"line":3,"column":0},"end":{"line":5,"column":3}},"1":{"start":{"line":6,"column":0},"end":{"line":6,"column":30}},"2":{"start":{"line":8,"column":66},"end":{"line":8,"column":136}},"3":{"start":{"line":8,"column":138},"end":{"line":8,"column":640}},"4":{"start":{"line":8,"column":149},"end":{"line":8,"column":480}},"5":{"start":{"line":8,"column":269},"end":{"line":8,"column":284}},"6":{"start":{"line":8,"column":277},"end":{"line":8,"column":284}},"7":{"start":{"line":8,"column":293},"end":{"line":8,"column":294}},"8":{"start":{"line":8,"column":304},"end":{"line":8,"column":319}},"9":{"start":{"line":8,"column":321},"end":{"line":8,"column":478}},"10":{"start":{"line":8,"column":354},"end":{"line":8,"column":395}},"11":{"start":{"line":8,"column":373},"end":{"line":8,"column":395}},"12":{"start":{"line":8,"column":396},"end":{"line":8,"column":434}},"13":{"start":{"line":8,"column":458},"end":{"line":8,"column":467}},"14":{"start":{"line":8,"column":481},"end":{"line":8,"column":638}},"15":{"start":{"line":8,"column":664},"end":{"line":8,"column":668}},"16":{"start":{"line":8,"column":679},"end":{"line":8,"column":684}},"17":{"start":{"line":8,"column":691},"end":{"line":8,"column":1002}},"18":{"start":{"line":8,"column":718},"end":{"line":8,"column":734}},"19":{"start":{"line":8,"column":767},"end":{"line":8,"column":776}},"20":{"start":{"line":8,"column":778},"end":{"line":8,"column":807}},"21":{"start":{"line":8,"column":808},"end":{"line":8,"column":820}},"22":{"start":{"line":8,"column":845},"end":{"line":8,"column":859}},"23":{"start":{"line":8,"column":860},"end":{"line":8,"column":870}},"24":{"start":{"line":8,"column":892},"end":{"line":8,"column":997}},"25":{"start":{"line":8,"column":898},"end":{"line":8,"column":960}},"26":{"start":{"line":8,"column":945},"end":{"line":8,"column":960}},"27":{"start":{"line":8,"column":973},"end":{"line":8,"column":995}},"28":{"start":{"line":8,"column":985},"end":{"line":8,"column":995}},"29":{"start":{"line":10,"column":35},"end":{"line":10,"column":151}},"30":{"start":{"line":12,"column":32},"end":{"line":12,"column":188}},"31":{"start":{"line":14,"column":50},"end":{"line":14,"column":65}},"32":{"start":{"line":14,"column":58},"end":{"line":14,"column":65}},"33":{"start":{"line":14,"column":66},"end":{"line":14,"column":129}},"34":{"start":{"line":14,"column":93},"end":{"line":14,"column":129}},"35":{"start":{"line":14,"column":138},"end":{"line":14,"column":184}},"36":{"start":{"line":14,"column":186},"end":{"line":14,"column":246}},"37":{"start":{"line":14,"column":223},"end":{"line":14,"column":246}},"38":{"start":{"line":14,"column":247},"end":{"line":14,"column":300}},"39":{"start":{"line":14,"column":279},"end":{"line":14,"column":300}},"40":{"start":{"line":14,"column":301},"end":{"line":14,"column":414}},"41":{"start":{"line":14,"column":378},"end":{"line":14,"column":414}},"42":{"start":{"line":16,"column":34},"end":{"line":16,"column":156}},"43":{"start":{"line":16,"column":132},"end":{"line":16,"column":156}},"44":{"start":{"line":18,"column":35},"end":{"line":18,"column":89}},"45":{"start":{"line":18,"column":59},"end":{"line":18,"column":89}},"46":{"start":{"line":20,"column":39},"end":{"line":20,"column":93}},"47":{"start":{"line":20,"column":76},"end":{"line":20,"column":93}},"48":{"start":{"line":20,"column":94},"end":{"line":20,"column":168}},"49":{"start":{"line":20,"column":107},"end":{"line":20,"column":108}},"50":{"start":{"line":20,"column":117},"end":{"line":20,"column":131}},"51":{"start":{"line":20,"column":149},"end":{"line":20,"column":166}},"52":{"start":{"line":20,"column":169},"end":{"line":20,"column":181}},"53":{"start":{"line":22,"column":10},"end":{"line":22,"column":24}},"54":{"start":{"line":24,"column":15},"end":{"line":24,"column":42}},"55":{"start":{"line":25,"column":18},"end":{"line":25,"column":38}},"56":{"start":{"line":26,"column":14},"end":{"line":26,"column":30}},"57":{"start":{"line":28,"column":13},"end":{"line":28,"column":35}},"58":{"start":{"line":30,"column":10},"end":{"line":30,"column":23}},"59":{"start":{"line":31,"column":19},"end":{"line":31,"column":23}},"60":{"start":{"line":32,"column":23},"end":{"line":32,"column":27}},"61":{"start":{"line":33,"column":22},"end":{"line":33,"column":26}},"62":{"start":{"line":35,"column":12},"end":{"line":35,"column":14}},"63":{"start":{"line":38,"column":12},"end":{"line":38,"column":27}},"64":{"start":{"line":39,"column":2},"end":{"line":39,"column":68}},"65":{"start":{"line":43,"column":17},"end":{"line":43,"column":40}},"66":{"start":{"line":45,"column":2},"end":{"line":47,"column":3}},"67":{"start":{"line":46,"column":4},"end":{"line":46,"column":31}},"68":{"start":{"line":49,"column":18},"end":{"line":49,"column":51}},"69":{"start":{"line":52,"column":2},"end":{"line":117,"column":3}},"70":{"start":{"line":53,"column":4},"end":{"line":112,"column":5}},"71":{"start":{"line":54,"column":17},"end":{"line":54,"column":28}},"72":{"start":{"line":55,"column":26},"end":{"line":55,"column":64}},"73":{"start":{"line":57,"column":6},"end":{"line":59,"column":7}},"74":{"start":{"line":58,"column":8},"end":{"line":58,"column":17}},"75":{"start":{"line":61,"column":20},"end":{"line":61,"column":25}},"76":{"start":{"line":62,"column":29},"end":{"line":62,"column":30}},"77":{"start":{"line":64,"column":6},"end":{"line":68,"column":7}},"78":{"start":{"line":64,"column":33},"end":{"line":64,"column":34}},"79":{"start":{"line":65,"column":8},"end":{"line":67,"column":9}},"80":{"start":{"line":66,"column":10},"end":{"line":66,"column":29}},"81":{"start":{"line":70,"column":6},"end":{"line":72,"column":7}},"82":{"start":{"line":71,"column":8},"end":{"line":71,"column":23}},"83":{"start":{"line":74,"column":6},"end":{"line":111,"column":7}},"84":{"start":{"line":75,"column":17},"end":{"line":75,"column":47}},"85":{"start":{"line":76,"column":28},"end":{"line":76,"column":49}},"86":{"start":{"line":78,"column":25},"end":{"line":78,"column":70}},"87":{"start":{"line":81,"column":8},"end":{"line":110,"column":9}},"88":{"start":{"line":82,"column":10},"end":{"line":96,"column":11}},"89":{"start":{"line":83,"column":30},"end":{"line":83,"column":42}},"90":{"start":{"line":85,"column":12},"end":{"line":87,"column":13}},"91":{"start":{"line":86,"column":14},"end":{"line":86,"column":55}},"92":{"start":{"line":89,"column":12},"end":{"line":95,"column":13}},"93":{"start":{"line":90,"column":14},"end":{"line":90,"column":76}},"94":{"start":{"line":91,"column":14},"end":{"line":91,"column":67}},"95":{"start":{"line":92,"column":19},"end":{"line":95,"column":13}},"96":{"start":{"line":93,"column":14},"end":{"line":93,"column":76}},"97":{"start":{"line":94,"column":14},"end":{"line":94,"column":67}},"98":{"start":{"line":107,"column":10},"end":{"line":107,"column":28}},"99":{"start":{"line":109,"column":10},"end":{"line":109,"column":25}},"100":{"start":{"line":114,"column":4},"end":{"line":114,"column":21}},"101":{"start":{"line":116,"column":4},"end":{"line":116,"column":18}},"102":{"start":{"line":121,"column":2},"end":{"line":121,"column":53}},"103":{"start":{"line":121,"column":40},"end":{"line":121,"column":53}},"104":{"start":{"line":123,"column":2},"end":{"line":143,"column":3}},"105":{"start":{"line":124,"column":15},"end":{"line":126,"column":9}},"106":{"start":{"line":125,"column":6},"end":{"line":125,"column":32}},"107":{"start":{"line":128,"column":4},"end":{"line":130,"column":5}},"108":{"start":{"line":129,"column":6},"end":{"line":129,"column":18}},"109":{"start":{"line":131,"column":9},"end":{"line":143,"column":3}},"110":{"start":{"line":132,"column":15},"end":{"line":134,"column":9}},"111":{"start":{"line":133,"column":6},"end":{"line":133,"column":35}},"112":{"start":{"line":136,"column":4},"end":{"line":138,"column":5}},"113":{"start":{"line":137,"column":6},"end":{"line":137,"column":18}},"114":{"start":{"line":140,"column":4},"end":{"line":142,"column":5}},"115":{"start":{"line":141,"column":6},"end":{"line":141,"column":18}},"116":{"start":{"line":145,"column":2},"end":{"line":145,"column":15}},"117":{"start":{"line":150,"column":12},"end":{"line":150,"column":35}},"118":{"start":{"line":152,"column":2},"end":{"line":203,"column":3}},"119":{"start":{"line":153,"column":18},"end":{"line":157,"column":5}},"120":{"start":{"line":158,"column":4},"end":{"line":158,"column":36}},"121":{"start":{"line":160,"column":4},"end":{"line":167,"column":5}},"122":{"start":{"line":161,"column":6},"end":{"line":166,"column":7}},"123":{"start":{"line":162,"column":8},"end":{"line":165,"column":11}},"124":{"start":{"line":169,"column":4},"end":{"line":169,"column":24}},"125":{"start":{"line":170,"column":4},"end":{"line":170,"column":31}},"126":{"start":{"line":173,"column":4},"end":{"line":175,"column":5}},"127":{"start":{"line":174,"column":6},"end":{"line":174,"column":26}},"128":{"start":{"line":177,"column":4},"end":{"line":177,"column":27}},"129":{"start":{"line":178,"column":9},"end":{"line":203,"column":3}},"130":{"start":{"line":180,"column":4},"end":{"line":190,"column":5}},"131":{"start":{"line":181,"column":6},"end":{"line":181,"column":54}},"132":{"start":{"line":184,"column":6},"end":{"line":186,"column":7}},"133":{"start":{"line":185,"column":8},"end":{"line":185,"column":45}},"134":{"start":{"line":188,"column":6},"end":{"line":188,"column":18}},"135":{"start":{"line":189,"column":6},"end":{"line":189,"column":18}},"136":{"start":{"line":192,"column":4},"end":{"line":192,"column":27}},"137":{"start":{"line":193,"column":9},"end":{"line":203,"column":3}},"138":{"start":{"line":194,"column":4},"end":{"line":202,"column":5}},"139":{"start":{"line":195,"column":6},"end":{"line":198,"column":8}},"140":{"start":{"line":199,"column":6},"end":{"line":199,"column":41}},"141":{"start":{"line":201,"column":6},"end":{"line":201,"column":47}},"142":{"start":{"line":207,"column":2},"end":{"line":220,"column":3}},"143":{"start":{"line":208,"column":4},"end":{"line":208,"column":19}},"144":{"start":{"line":209,"column":9},"end":{"line":220,"column":3}},"145":{"start":{"line":210,"column":4},"end":{"line":212,"column":7}},"146":{"start":{"line":213,"column":4},"end":{"line":213,"column":11}},"147":{"start":{"line":215,"column":4},"end":{"line":218,"column":7}},"148":{"start":{"line":219,"column":4},"end":{"line":219,"column":16}},"149":{"start":{"line":224,"column":2},"end":{"line":238,"column":3}},"150":{"start":{"line":225,"column":4},"end":{"line":225,"column":22}},"151":{"start":{"line":226,"column":9},"end":{"line":238,"column":3}},"152":{"start":{"line":227,"column":4},"end":{"line":230,"column":6}},"153":{"start":{"line":231,"column":4},"end":{"line":231,"column":22}},"154":{"start":{"line":233,"column":4},"end":{"line":236,"column":7}},"155":{"start":{"line":237,"column":4},"end":{"line":237,"column":16}},"156":{"start":{"line":242,"column":2},"end":{"line":250,"column":11}},"157":{"start":{"line":243,"column":4},"end":{"line":246,"column":6}},"158":{"start":{"line":247,"column":4},"end":{"line":247,"column":22}},"159":{"start":{"line":248,"column":9},"end":{"line":250,"column":11}},"160":{"start":{"line":249,"column":9},"end":{"line":250,"column":11}},"161":{"start":{"line":254,"column":2},"end":{"line":267,"column":3}},"162":{"start":{"line":255,"column":4},"end":{"line":255,"column":31}},"163":{"start":{"line":256,"column":9},"end":{"line":267,"column":3}},"164":{"start":{"line":257,"column":4},"end":{"line":257,"column":31}},"165":{"start":{"line":258,"column":9},"end":{"line":267,"column":3}},"166":{"start":{"line":259,"column":4},"end":{"line":259,"column":30}},"167":{"start":{"line":260,"column":4},"end":{"line":260,"column":19}},"168":{"start":{"line":261,"column":9},"end":{"line":267,"column":3}},"169":{"start":{"line":262,"column":4},"end":{"line":262,"column":23}},"170":{"start":{"line":263,"column":4},"end":{"line":263,"column":16}},"171":{"start":{"line":266,"column":4},"end":{"line":266,"column":19}},"172":{"start":{"line":271,"column":2},"end":{"line":281,"column":3}},"173":{"start":{"line":272,"column":4},"end":{"line":272,"column":31}},"174":{"start":{"line":273,"column":9},"end":{"line":281,"column":3}},"175":{"start":{"line":274,"column":4},"end":{"line":274,"column":33}},"176":{"start":{"line":275,"column":9},"end":{"line":281,"column":3}},"177":{"start":{"line":276,"column":4},"end":{"line":279,"column":6}},"178":{"start":{"line":280,"column":4},"end":{"line":280,"column":28}},"179":{"start":{"line":285,"column":2},"end":{"line":292,"column":3}},"180":{"start":{"line":286,"column":4},"end":{"line":286,"column":33}},"181":{"start":{"line":287,"column":9},"end":{"line":292,"column":3}},"182":{"start":{"line":288,"column":4},"end":{"line":288,"column":32}},"183":{"start":{"line":289,"column":9},"end":{"line":292,"column":3}},"184":{"start":{"line":289,"column":33},"end":{"line":292,"column":3}},"185":{"start":{"line":290,"column":4},"end":{"line":290,"column":31}},"186":{"start":{"line":291,"column":4},"end":{"line":291,"column":25}},"187":{"start":{"line":296,"column":2},"end":{"line":302,"column":3}},"188":{"start":{"line":297,"column":4},"end":{"line":297,"column":38}},"189":{"start":{"line":298,"column":4},"end":{"line":298,"column":23}},"190":{"start":{"line":299,"column":4},"end":{"line":299,"column":16}},"191":{"start":{"line":300,"column":9},"end":{"line":302,"column":3}},"192":{"start":{"line":306,"column":2},"end":{"line":325,"column":3}},"193":{"start":{"line":308,"column":4},"end":{"line":308,"column":30}},"194":{"start":{"line":309,"column":9},"end":{"line":325,"column":3}},"195":{"start":{"line":310,"column":4},"end":{"line":310,"column":31}},"196":{"start":{"line":311,"column":9},"end":{"line":325,"column":3}},"197":{"start":{"line":312,"column":4},"end":{"line":312,"column":32}},"198":{"start":{"line":313,"column":9},"end":{"line":325,"column":3}},"199":{"start":{"line":314,"column":4},"end":{"line":314,"column":65}},"200":{"start":{"line":315,"column":4},"end":{"line":315,"column":23}},"201":{"start":{"line":316,"column":4},"end":{"line":316,"column":16}},"202":{"start":{"line":317,"column":9},"end":{"line":325,"column":3}},"203":{"start":{"line":319,"column":4},"end":{"line":319,"column":65}},"204":{"start":{"line":320,"column":4},"end":{"line":323,"column":6}},"205":{"start":{"line":324,"column":4},"end":{"line":324,"column":33}},"206":{"start":{"line":329,"column":2},"end":{"line":338,"column":3}},"207":{"start":{"line":330,"column":4},"end":{"line":330,"column":32}},"208":{"start":{"line":331,"column":9},"end":{"line":338,"column":3}},"209":{"start":{"line":332,"column":4},"end":{"line":332,"column":38}},"210":{"start":{"line":333,"column":9},"end":{"line":338,"column":3}},"211":{"start":{"line":334,"column":4},"end":{"line":334,"column":38}},"212":{"start":{"line":335,"column":9},"end":{"line":338,"column":3}},"213":{"start":{"line":337,"column":4},"end":{"line":337,"column":36}},"214":{"start":{"line":342,"column":2},"end":{"line":348,"column":3}},"215":{"start":{"line":343,"column":4},"end":{"line":343,"column":65}},"216":{"start":{"line":344,"column":4},"end":{"line":344,"column":37}},"217":{"start":{"line":345,"column":9},"end":{"line":348,"column":3}},"218":{"start":{"line":345,"column":33},"end":{"line":348,"column":3}},"219":{"start":{"line":346,"column":4},"end":{"line":346,"column":32}},"220":{"start":{"line":347,"column":4},"end":{"line":347,"column":38}},"221":{"start":{"line":352,"column":2},"end":{"line":359,"column":3}},"222":{"start":{"line":353,"column":4},"end":{"line":353,"column":65}},"223":{"start":{"line":354,"column":4},"end":{"line":354,"column":37}},"224":{"start":{"line":355,"column":9},"end":{"line":359,"column":3}},"225":{"start":{"line":355,"column":33},"end":{"line":359,"column":3}},"226":{"start":{"line":356,"column":4},"end":{"line":356,"column":32}},"227":{"start":{"line":358,"column":4},"end":{"line":358,"column":38}},"228":{"start":{"line":363,"column":2},"end":{"line":378,"column":3}},"229":{"start":{"line":364,"column":4},"end":{"line":364,"column":31}},"230":{"start":{"line":365,"column":9},"end":{"line":378,"column":3}},"231":{"start":{"line":367,"column":4},"end":{"line":367,"column":65}},"232":{"start":{"line":368,"column":4},"end":{"line":368,"column":31}},"233":{"start":{"line":369,"column":9},"end":{"line":378,"column":3}},"234":{"start":{"line":370,"column":4},"end":{"line":370,"column":65}},"235":{"start":{"line":371,"column":4},"end":{"line":371,"column":23}},"236":{"start":{"line":372,"column":4},"end":{"line":372,"column":16}},"237":{"start":{"line":373,"column":9},"end":{"line":378,"column":3}},"238":{"start":{"line":375,"column":4},"end":{"line":375,"column":32}},"239":{"start":{"line":377,"column":4},"end":{"line":377,"column":41}},"240":{"start":{"line":382,"column":2},"end":{"line":395,"column":3}},"241":{"start":{"line":383,"column":4},"end":{"line":383,"column":65}},"242":{"start":{"line":384,"column":4},"end":{"line":384,"column":31}},"243":{"start":{"line":385,"column":9},"end":{"line":395,"column":3}},"244":{"start":{"line":386,"column":4},"end":{"line":386,"column":65}},"245":{"start":{"line":387,"column":4},"end":{"line":387,"column":31}},"246":{"start":{"line":388,"column":9},"end":{"line":395,"column":3}},"247":{"start":{"line":389,"column":4},"end":{"line":389,"column":65}},"248":{"start":{"line":390,"column":4},"end":{"line":390,"column":23}},"249":{"start":{"line":391,"column":4},"end":{"line":391,"column":16}},"250":{"start":{"line":392,"column":9},"end":{"line":395,"column":3}},"251":{"start":{"line":392,"column":33},"end":{"line":395,"column":3}},"252":{"start":{"line":392,"column":108},"end":{"line":395,"column":3}},"253":{"start":{"line":393,"column":4},"end":{"line":393,"column":32}},"254":{"start":{"line":394,"column":4},"end":{"line":394,"column":33}},"255":{"start":{"line":399,"column":2},"end":{"line":402,"column":5}},"256":{"start":{"line":403,"column":2},"end":{"line":403,"column":22}},"257":{"start":{"line":404,"column":2},"end":{"line":404,"column":26}},"258":{"start":{"line":405,"column":2},"end":{"line":405,"column":25}},"259":{"start":{"line":406,"column":14},"end":{"line":406,"column":18}},"260":{"start":{"line":408,"column":19},"end":{"line":408,"column":51}},"261":{"start":{"line":411,"column":2},"end":{"line":420,"column":3}},"262":{"start":{"line":412,"column":4},"end":{"line":415,"column":5}},"263":{"start":{"line":413,"column":14},"end":{"line":413,"column":26}},"264":{"start":{"line":414,"column":6},"end":{"line":414,"column":23}},"265":{"start":{"line":417,"column":4},"end":{"line":417,"column":22}},"266":{"start":{"line":419,"column":4},"end":{"line":419,"column":19}},"267":{"start":{"line":422,"column":2},"end":{"line":422,"column":21}},"268":{"start":{"line":423,"column":2},"end":{"line":423,"column":18}}},"fnMap":{"0":{"name":"_createForOfIteratorHelper","decl":{"start":{"line":8,"column":9},"end":{"line":8,"column":35}},"loc":{"start":{"line":8,"column":55},"end":{"line":8,"column":1004}},"line":8},"1":{"name":"F","decl":{"start":{"line":8,"column":313},"end":{"line":8,"column":314}},"loc":{"start":{"line":8,"column":317},"end":{"line":8,"column":319}},"line":8},"2":{"name":"n","decl":{"start":{"line":8,"column":348},"end":{"line":8,"column":349}},"loc":{"start":{"line":8,"column":352},"end":{"line":8,"column":436}},"line":8},"3":{"name":"e","decl":{"start":{"line":8,"column":450},"end":{"line":8,"column":451}},"loc":{"start":{"line":8,"column":456},"end":{"line":8,"column":469}},"line":8},"4":{"name":"s","decl":{"start":{"line":8,"column":712},"end":{"line":8,"column":713}},"loc":{"start":{"line":8,"column":716},"end":{"line":8,"column":736}},"line":8},"5":{"name":"n","decl":{"start":{"line":8,"column":750},"end":{"line":8,"column":751}},"loc":{"start":{"line":8,"column":754},"end":{"line":8,"column":822}},"line":8},"6":{"name":"e","decl":{"start":{"line":8,"column":836},"end":{"line":8,"column":837}},"loc":{"start":{"line":8,"column":843},"end":{"line":8,"column":872}},"line":8},"7":{"name":"f","decl":{"start":{"line":8,"column":886},"end":{"line":8,"column":887}},"loc":{"start":{"line":8,"column":890},"end":{"line":8,"column":999}},"line":8},"8":{"name":"_toConsumableArray","decl":{"start":{"line":10,"column":9},"end":{"line":10,"column":27}},"loc":{"start":{"line":10,"column":33},"end":{"line":10,"column":153}},"line":10},"9":{"name":"_nonIterableSpread","decl":{"start":{"line":12,"column":9},"end":{"line":12,"column":27}},"loc":{"start":{"line":12,"column":30},"end":{"line":12,"column":190}},"line":12},"10":{"name":"_unsupportedIterableToArray","decl":{"start":{"line":14,"column":9},"end":{"line":14,"column":36}},"loc":{"start":{"line":14,"column":48},"end":{"line":14,"column":416}},"line":14},"11":{"name":"_iterableToArray","decl":{"start":{"line":16,"column":9},"end":{"line":16,"column":25}},"loc":{"start":{"line":16,"column":32},"end":{"line":16,"column":158}},"line":16},"12":{"name":"_arrayWithoutHoles","decl":{"start":{"line":18,"column":9},"end":{"line":18,"column":27}},"loc":{"start":{"line":18,"column":33},"end":{"line":18,"column":91}},"line":18},"13":{"name":"_arrayLikeToArray","decl":{"start":{"line":20,"column":9},"end":{"line":20,"column":26}},"loc":{"start":{"line":20,"column":37},"end":{"line":20,"column":183}},"line":20},"14":{"name":"addCSSRules","decl":{"start":{"line":37,"column":9},"end":{"line":37,"column":20}},"loc":{"start":{"line":37,"column":27},"end":{"line":40,"column":1}},"line":37},"15":{"name":"computeCSS","decl":{"start":{"line":42,"column":9},"end":{"line":42,"column":19}},"loc":{"start":{"line":42,"column":29},"end":{"line":118,"column":1}},"line":42},"16":{"name":"match","decl":{"start":{"line":120,"column":9},"end":{"line":120,"column":14}},"loc":{"start":{"line":120,"column":34},"end":{"line":146,"column":1}},"line":120},"17":{"name":"(anonymous_17)","decl":{"start":{"line":124,"column":41},"end":{"line":124,"column":42}},"loc":{"start":{"line":124,"column":57},"end":{"line":126,"column":5}},"line":124},"18":{"name":"(anonymous_18)","decl":{"start":{"line":132,"column":41},"end":{"line":132,"column":42}},"loc":{"start":{"line":132,"column":57},"end":{"line":134,"column":5}},"line":132},"19":{"name":"emit","decl":{"start":{"line":148,"column":9},"end":{"line":148,"column":13}},"loc":{"start":{"line":148,"column":21},"end":{"line":204,"column":1}},"line":148},"20":{"name":"data","decl":{"start":{"line":206,"column":9},"end":{"line":206,"column":13}},"loc":{"start":{"line":206,"column":17},"end":{"line":221,"column":1}},"line":206},"21":{"name":"tagOpen","decl":{"start":{"line":223,"column":9},"end":{"line":223,"column":16}},"loc":{"start":{"line":223,"column":20},"end":{"line":239,"column":1}},"line":223},"22":{"name":"endTagOpen","decl":{"start":{"line":241,"column":9},"end":{"line":241,"column":19}},"loc":{"start":{"line":241,"column":23},"end":{"line":251,"column":1}},"line":241},"23":{"name":"tagName","decl":{"start":{"line":253,"column":9},"end":{"line":253,"column":16}},"loc":{"start":{"line":253,"column":20},"end":{"line":268,"column":1}},"line":253},"24":{"name":"beforeAttributeName","decl":{"start":{"line":270,"column":9},"end":{"line":270,"column":28}},"loc":{"start":{"line":270,"column":32},"end":{"line":282,"column":1}},"line":270},"25":{"name":"attributeName","decl":{"start":{"line":284,"column":9},"end":{"line":284,"column":22}},"loc":{"start":{"line":284,"column":26},"end":{"line":293,"column":1}},"line":284},"26":{"name":"selfClosingStartTag","decl":{"start":{"line":295,"column":9},"end":{"line":295,"column":28}},"loc":{"start":{"line":295,"column":32},"end":{"line":303,"column":1}},"line":295},"27":{"name":"afterAttributeName","decl":{"start":{"line":305,"column":9},"end":{"line":305,"column":27}},"loc":{"start":{"line":305,"column":31},"end":{"line":326,"column":1}},"line":305},"28":{"name":"beforeAttributeValue","decl":{"start":{"line":328,"column":9},"end":{"line":328,"column":29}},"loc":{"start":{"line":328,"column":33},"end":{"line":339,"column":1}},"line":328},"29":{"name":"doubleQuotedAttributeValue","decl":{"start":{"line":341,"column":9},"end":{"line":341,"column":35}},"loc":{"start":{"line":341,"column":39},"end":{"line":349,"column":1}},"line":341},"30":{"name":"singleQuotedAttributeValue","decl":{"start":{"line":351,"column":9},"end":{"line":351,"column":35}},"loc":{"start":{"line":351,"column":39},"end":{"line":360,"column":1}},"line":351},"31":{"name":"afterQuotedAttributeValue","decl":{"start":{"line":362,"column":9},"end":{"line":362,"column":34}},"loc":{"start":{"line":362,"column":38},"end":{"line":379,"column":1}},"line":362},"32":{"name":"UnqotedAttributeValue","decl":{"start":{"line":381,"column":9},"end":{"line":381,"column":30}},"loc":{"start":{"line":381,"column":34},"end":{"line":396,"column":1}},"line":381},"33":{"name":"parseHTML","decl":{"start":{"line":398,"column":9},"end":{"line":398,"column":18}},"loc":{"start":{"line":398,"column":25},"end":{"line":424,"column":1}},"line":398}},"branchMap":{"0":{"loc":{"start":{"line":8,"column":66},"end":{"line":8,"column":136}},"type":"binary-expr","locations":[{"start":{"line":8,"column":66},"end":{"line":8,"column":95}},{"start":{"line":8,"column":99},"end":{"line":8,"column":117}},{"start":{"line":8,"column":121},"end":{"line":8,"column":136}}],"line":8},"1":{"loc":{"start":{"line":8,"column":138},"end":{"line":8,"column":640}},"type":"if","locations":[{"start":{"line":8,"column":138},"end":{"line":8,"column":640}},{"start":{"line":8,"column":138},"end":{"line":8,"column":640}}],"line":8},"2":{"loc":{"start":{"line":8,"column":149},"end":{"line":8,"column":480}},"type":"if","locations":[{"start":{"line":8,"column":149},"end":{"line":8,"column":480}},{"start":{"line":8,"column":149},"end":{"line":8,"column":480}}],"line":8},"3":{"loc":{"start":{"line":8,"column":153},"end":{"line":8,"column":265}},"type":"binary-expr","locations":[{"start":{"line":8,"column":153},"end":{"line":8,"column":169}},{"start":{"line":8,"column":174},"end":{"line":8,"column":209}},{"start":{"line":8,"column":214},"end":{"line":8,"column":228}},{"start":{"line":8,"column":232},"end":{"line":8,"column":233}},{"start":{"line":8,"column":237},"end":{"line":8,"column":265}}],"line":8},"4":{"loc":{"start":{"line":8,"column":269},"end":{"line":8,"column":284}},"type":"if","locations":[{"start":{"line":8,"column":269},"end":{"line":8,"column":284}},{"start":{"line":8,"column":269},"end":{"line":8,"column":284}}],"line":8},"5":{"loc":{"start":{"line":8,"column":354},"end":{"line":8,"column":395}},"type":"if","locations":[{"start":{"line":8,"column":354},"end":{"line":8,"column":395}},{"start":{"line":8,"column":354},"end":{"line":8,"column":395}}],"line":8},"6":{"loc":{"start":{"line":8,"column":898},"end":{"line":8,"column":960}},"type":"if","locations":[{"start":{"line":8,"column":898},"end":{"line":8,"column":960}},{"start":{"line":8,"column":898},"end":{"line":8,"column":960}}],"line":8},"7":{"loc":{"start":{"line":8,"column":902},"end":{"line":8,"column":943}},"type":"binary-expr","locations":[{"start":{"line":8,"column":902},"end":{"line":8,"column":919}},{"start":{"line":8,"column":923},"end":{"line":8,"column":943}}],"line":8},"8":{"loc":{"start":{"line":8,"column":973},"end":{"line":8,"column":995}},"type":"if","locations":[{"start":{"line":8,"column":973},"end":{"line":8,"column":995}},{"start":{"line":8,"column":973},"end":{"line":8,"column":995}}],"line":8},"9":{"loc":{"start":{"line":10,"column":42},"end":{"line":10,"column":150}},"type":"binary-expr","locations":[{"start":{"line":10,"column":42},"end":{"line":10,"column":65}},{"start":{"line":10,"column":69},"end":{"line":10,"column":90}},{"start":{"line":10,"column":94},"end":{"line":10,"column":126}},{"start":{"line":10,"column":130},"end":{"line":10,"column":150}}],"line":10},"10":{"loc":{"start":{"line":14,"column":50},"end":{"line":14,"column":65}},"type":"if","locations":[{"start":{"line":14,"column":50},"end":{"line":14,"column":65}},{"start":{"line":14,"column":50},"end":{"line":14,"column":65}}],"line":14},"11":{"loc":{"start":{"line":14,"column":66},"end":{"line":14,"column":129}},"type":"if","locations":[{"start":{"line":14,"column":66},"end":{"line":14,"column":129}},{"start":{"line":14,"column":66},"end":{"line":14,"column":129}}],"line":14},"12":{"loc":{"start":{"line":14,"column":186},"end":{"line":14,"column":246}},"type":"if","locations":[{"start":{"line":14,"column":186},"end":{"line":14,"column":246}},{"start":{"line":14,"column":186},"end":{"line":14,"column":246}}],"line":14},"13":{"loc":{"start":{"line":14,"column":190},"end":{"line":14,"column":221}},"type":"binary-expr","locations":[{"start":{"line":14,"column":190},"end":{"line":14,"column":204}},{"start":{"line":14,"column":208},"end":{"line":14,"column":221}}],"line":14},"14":{"loc":{"start":{"line":14,"column":247},"end":{"line":14,"column":300}},"type":"if","locations":[{"start":{"line":14,"column":247},"end":{"line":14,"column":300}},{"start":{"line":14,"column":247},"end":{"line":14,"column":300}}],"line":14},"15":{"loc":{"start":{"line":14,"column":251},"end":{"line":14,"column":277}},"type":"binary-expr","locations":[{"start":{"line":14,"column":251},"end":{"line":14,"column":262}},{"start":{"line":14,"column":266},"end":{"line":14,"column":277}}],"line":14},"16":{"loc":{"start":{"line":14,"column":301},"end":{"line":14,"column":414}},"type":"if","locations":[{"start":{"line":14,"column":301},"end":{"line":14,"column":414}},{"start":{"line":14,"column":301},"end":{"line":14,"column":414}}],"line":14},"17":{"loc":{"start":{"line":14,"column":305},"end":{"line":14,"column":376}},"type":"binary-expr","locations":[{"start":{"line":14,"column":305},"end":{"line":14,"column":322}},{"start":{"line":14,"column":326},"end":{"line":14,"column":376}}],"line":14},"18":{"loc":{"start":{"line":16,"column":34},"end":{"line":16,"column":156}},"type":"if","locations":[{"start":{"line":16,"column":34},"end":{"line":16,"column":156}},{"start":{"line":16,"column":34},"end":{"line":16,"column":156}}],"line":16},"19":{"loc":{"start":{"line":16,"column":38},"end":{"line":16,"column":130}},"type":"binary-expr","locations":[{"start":{"line":16,"column":38},"end":{"line":16,"column":67}},{"start":{"line":16,"column":71},"end":{"line":16,"column":100}},{"start":{"line":16,"column":104},"end":{"line":16,"column":130}}],"line":16},"20":{"loc":{"start":{"line":18,"column":35},"end":{"line":18,"column":89}},"type":"if","locations":[{"start":{"line":18,"column":35},"end":{"line":18,"column":89}},{"start":{"line":18,"column":35},"end":{"line":18,"column":89}}],"line":18},"21":{"loc":{"start":{"line":20,"column":39},"end":{"line":20,"column":93}},"type":"if","locations":[{"start":{"line":20,"column":39},"end":{"line":20,"column":93}},{"start":{"line":20,"column":39},"end":{"line":20,"column":93}}],"line":20},"22":{"loc":{"start":{"line":20,"column":43},"end":{"line":20,"column":74}},"type":"binary-expr","locations":[{"start":{"line":20,"column":43},"end":{"line":20,"column":54}},{"start":{"line":20,"column":58},"end":{"line":20,"column":74}}],"line":20},"23":{"loc":{"start":{"line":45,"column":2},"end":{"line":47,"column":3}},"type":"if","locations":[{"start":{"line":45,"column":2},"end":{"line":47,"column":3}},{"start":{"line":45,"column":2},"end":{"line":47,"column":3}}],"line":45},"24":{"loc":{"start":{"line":57,"column":6},"end":{"line":59,"column":7}},"type":"if","locations":[{"start":{"line":57,"column":6},"end":{"line":59,"column":7}},{"start":{"line":57,"column":6},"end":{"line":59,"column":7}}],"line":57},"25":{"loc":{"start":{"line":65,"column":8},"end":{"line":67,"column":9}},"type":"if","locations":[{"start":{"line":65,"column":8},"end":{"line":67,"column":9}},{"start":{"line":65,"column":8},"end":{"line":67,"column":9}}],"line":65},"26":{"loc":{"start":{"line":70,"column":6},"end":{"line":72,"column":7}},"type":"if","locations":[{"start":{"line":70,"column":6},"end":{"line":72,"column":7}},{"start":{"line":70,"column":6},"end":{"line":72,"column":7}}],"line":70},"27":{"loc":{"start":{"line":74,"column":6},"end":{"line":111,"column":7}},"type":"if","locations":[{"start":{"line":74,"column":6},"end":{"line":111,"column":7}},{"start":{"line":74,"column":6},"end":{"line":111,"column":7}}],"line":74},"28":{"loc":{"start":{"line":85,"column":12},"end":{"line":87,"column":13}},"type":"if","locations":[{"start":{"line":85,"column":12},"end":{"line":87,"column":13}},{"start":{"line":85,"column":12},"end":{"line":87,"column":13}}],"line":85},"29":{"loc":{"start":{"line":89,"column":12},"end":{"line":95,"column":13}},"type":"if","locations":[{"start":{"line":89,"column":12},"end":{"line":95,"column":13}},{"start":{"line":89,"column":12},"end":{"line":95,"column":13}}],"line":89},"30":{"loc":{"start":{"line":92,"column":19},"end":{"line":95,"column":13}},"type":"if","locations":[{"start":{"line":92,"column":19},"end":{"line":95,"column":13}},{"start":{"line":92,"column":19},"end":{"line":95,"column":13}}],"line":92},"31":{"loc":{"start":{"line":121,"column":2},"end":{"line":121,"column":53}},"type":"if","locations":[{"start":{"line":121,"column":2},"end":{"line":121,"column":53}},{"start":{"line":121,"column":2},"end":{"line":121,"column":53}}],"line":121},"32":{"loc":{"start":{"line":121,"column":6},"end":{"line":121,"column":38}},"type":"binary-expr","locations":[{"start":{"line":121,"column":6},"end":{"line":121,"column":15}},{"start":{"line":121,"column":19},"end":{"line":121,"column":38}}],"line":121},"33":{"loc":{"start":{"line":123,"column":2},"end":{"line":143,"column":3}},"type":"if","locations":[{"start":{"line":123,"column":2},"end":{"line":143,"column":3}},{"start":{"line":123,"column":2},"end":{"line":143,"column":3}}],"line":123},"34":{"loc":{"start":{"line":128,"column":4},"end":{"line":130,"column":5}},"type":"if","locations":[{"start":{"line":128,"column":4},"end":{"line":130,"column":5}},{"start":{"line":128,"column":4},"end":{"line":130,"column":5}}],"line":128},"35":{"loc":{"start":{"line":128,"column":8},"end":{"line":128,"column":56}},"type":"binary-expr","locations":[{"start":{"line":128,"column":8},"end":{"line":128,"column":12}},{"start":{"line":128,"column":16},"end":{"line":128,"column":56}}],"line":128},"36":{"loc":{"start":{"line":131,"column":9},"end":{"line":143,"column":3}},"type":"if","locations":[{"start":{"line":131,"column":9},"end":{"line":143,"column":3}},{"start":{"line":131,"column":9},"end":{"line":143,"column":3}}],"line":131},"37":{"loc":{"start":{"line":136,"column":4},"end":{"line":138,"column":5}},"type":"if","locations":[{"start":{"line":136,"column":4},"end":{"line":138,"column":5}},{"start":{"line":136,"column":4},"end":{"line":138,"column":5}}],"line":136},"38":{"loc":{"start":{"line":136,"column":8},"end":{"line":136,"column":56}},"type":"binary-expr","locations":[{"start":{"line":136,"column":8},"end":{"line":136,"column":12}},{"start":{"line":136,"column":16},"end":{"line":136,"column":56}}],"line":136},"39":{"loc":{"start":{"line":140,"column":4},"end":{"line":142,"column":5}},"type":"if","locations":[{"start":{"line":140,"column":4},"end":{"line":142,"column":5}},{"start":{"line":140,"column":4},"end":{"line":142,"column":5}}],"line":140},"40":{"loc":{"start":{"line":152,"column":2},"end":{"line":203,"column":3}},"type":"if","locations":[{"start":{"line":152,"column":2},"end":{"line":203,"column":3}},{"start":{"line":152,"column":2},"end":{"line":203,"column":3}}],"line":152},"41":{"loc":{"start":{"line":161,"column":6},"end":{"line":166,"column":7}},"type":"if","locations":[{"start":{"line":161,"column":6},"end":{"line":166,"column":7}},{"start":{"line":161,"column":6},"end":{"line":166,"column":7}}],"line":161},"42":{"loc":{"start":{"line":161,"column":10},"end":{"line":161,"column":41}},"type":"binary-expr","locations":[{"start":{"line":161,"column":10},"end":{"line":161,"column":22}},{"start":{"line":161,"column":26},"end":{"line":161,"column":41}}],"line":161},"43":{"loc":{"start":{"line":173,"column":4},"end":{"line":175,"column":5}},"type":"if","locations":[{"start":{"line":173,"column":4},"end":{"line":175,"column":5}},{"start":{"line":173,"column":4},"end":{"line":175,"column":5}}],"line":173},"44":{"loc":{"start":{"line":178,"column":9},"end":{"line":203,"column":3}},"type":"if","locations":[{"start":{"line":178,"column":9},"end":{"line":203,"column":3}},{"start":{"line":178,"column":9},"end":{"line":203,"column":3}}],"line":178},"45":{"loc":{"start":{"line":180,"column":4},"end":{"line":190,"column":5}},"type":"if","locations":[{"start":{"line":180,"column":4},"end":{"line":190,"column":5}},{"start":{"line":180,"column":4},"end":{"line":190,"column":5}}],"line":180},"46":{"loc":{"start":{"line":184,"column":6},"end":{"line":186,"column":7}},"type":"if","locations":[{"start":{"line":184,"column":6},"end":{"line":186,"column":7}},{"start":{"line":184,"column":6},"end":{"line":186,"column":7}}],"line":184},"47":{"loc":{"start":{"line":193,"column":9},"end":{"line":203,"column":3}},"type":"if","locations":[{"start":{"line":193,"column":9},"end":{"line":203,"column":3}},{"start":{"line":193,"column":9},"end":{"line":203,"column":3}}],"line":193},"48":{"loc":{"start":{"line":194,"column":4},"end":{"line":202,"column":5}},"type":"if","locations":[{"start":{"line":194,"column":4},"end":{"line":202,"column":5}},{"start":{"line":194,"column":4},"end":{"line":202,"column":5}}],"line":194},"49":{"loc":{"start":{"line":207,"column":2},"end":{"line":220,"column":3}},"type":"if","locations":[{"start":{"line":207,"column":2},"end":{"line":220,"column":3}},{"start":{"line":207,"column":2},"end":{"line":220,"column":3}}],"line":207},"50":{"loc":{"start":{"line":209,"column":9},"end":{"line":220,"column":3}},"type":"if","locations":[{"start":{"line":209,"column":9},"end":{"line":220,"column":3}},{"start":{"line":209,"column":9},"end":{"line":220,"column":3}}],"line":209},"51":{"loc":{"start":{"line":224,"column":2},"end":{"line":238,"column":3}},"type":"if","locations":[{"start":{"line":224,"column":2},"end":{"line":238,"column":3}},{"start":{"line":224,"column":2},"end":{"line":238,"column":3}}],"line":224},"52":{"loc":{"start":{"line":226,"column":9},"end":{"line":238,"column":3}},"type":"if","locations":[{"start":{"line":226,"column":9},"end":{"line":238,"column":3}},{"start":{"line":226,"column":9},"end":{"line":238,"column":3}}],"line":226},"53":{"loc":{"start":{"line":242,"column":2},"end":{"line":250,"column":11}},"type":"if","locations":[{"start":{"line":242,"column":2},"end":{"line":250,"column":11}},{"start":{"line":242,"column":2},"end":{"line":250,"column":11}}],"line":242},"54":{"loc":{"start":{"line":248,"column":9},"end":{"line":250,"column":11}},"type":"if","locations":[{"start":{"line":248,"column":9},"end":{"line":250,"column":11}},{"start":{"line":248,"column":9},"end":{"line":250,"column":11}}],"line":248},"55":{"loc":{"start":{"line":249,"column":9},"end":{"line":250,"column":11}},"type":"if","locations":[{"start":{"line":249,"column":9},"end":{"line":250,"column":11}},{"start":{"line":249,"column":9},"end":{"line":250,"column":11}}],"line":249},"56":{"loc":{"start":{"line":254,"column":2},"end":{"line":267,"column":3}},"type":"if","locations":[{"start":{"line":254,"column":2},"end":{"line":267,"column":3}},{"start":{"line":254,"column":2},"end":{"line":267,"column":3}}],"line":254},"57":{"loc":{"start":{"line":256,"column":9},"end":{"line":267,"column":3}},"type":"if","locations":[{"start":{"line":256,"column":9},"end":{"line":267,"column":3}},{"start":{"line":256,"column":9},"end":{"line":267,"column":3}}],"line":256},"58":{"loc":{"start":{"line":258,"column":9},"end":{"line":267,"column":3}},"type":"if","locations":[{"start":{"line":258,"column":9},"end":{"line":267,"column":3}},{"start":{"line":258,"column":9},"end":{"line":267,"column":3}}],"line":258},"59":{"loc":{"start":{"line":261,"column":9},"end":{"line":267,"column":3}},"type":"if","locations":[{"start":{"line":261,"column":9},"end":{"line":267,"column":3}},{"start":{"line":261,"column":9},"end":{"line":267,"column":3}}],"line":261},"60":{"loc":{"start":{"line":271,"column":2},"end":{"line":281,"column":3}},"type":"if","locations":[{"start":{"line":271,"column":2},"end":{"line":281,"column":3}},{"start":{"line":271,"column":2},"end":{"line":281,"column":3}}],"line":271},"61":{"loc":{"start":{"line":273,"column":9},"end":{"line":281,"column":3}},"type":"if","locations":[{"start":{"line":273,"column":9},"end":{"line":281,"column":3}},{"start":{"line":273,"column":9},"end":{"line":281,"column":3}}],"line":273},"62":{"loc":{"start":{"line":273,"column":13},"end":{"line":273,"column":48}},"type":"binary-expr","locations":[{"start":{"line":273,"column":13},"end":{"line":273,"column":22}},{"start":{"line":273,"column":26},"end":{"line":273,"column":35}},{"start":{"line":273,"column":39},"end":{"line":273,"column":48}}],"line":273},"63":{"loc":{"start":{"line":275,"column":9},"end":{"line":281,"column":3}},"type":"if","locations":[{"start":{"line":275,"column":9},"end":{"line":281,"column":3}},{"start":{"line":275,"column":9},"end":{"line":281,"column":3}}],"line":275},"64":{"loc":{"start":{"line":285,"column":2},"end":{"line":292,"column":3}},"type":"if","locations":[{"start":{"line":285,"column":2},"end":{"line":292,"column":3}},{"start":{"line":285,"column":2},"end":{"line":292,"column":3}}],"line":285},"65":{"loc":{"start":{"line":285,"column":6},"end":{"line":285,"column":67}},"type":"binary-expr","locations":[{"start":{"line":285,"column":6},"end":{"line":285,"column":28}},{"start":{"line":285,"column":32},"end":{"line":285,"column":41}},{"start":{"line":285,"column":45},"end":{"line":285,"column":54}},{"start":{"line":285,"column":58},"end":{"line":285,"column":67}}],"line":285},"66":{"loc":{"start":{"line":287,"column":9},"end":{"line":292,"column":3}},"type":"if","locations":[{"start":{"line":287,"column":9},"end":{"line":292,"column":3}},{"start":{"line":287,"column":9},"end":{"line":292,"column":3}}],"line":287},"67":{"loc":{"start":{"line":289,"column":9},"end":{"line":292,"column":3}},"type":"if","locations":[{"start":{"line":289,"column":9},"end":{"line":292,"column":3}},{"start":{"line":289,"column":9},"end":{"line":292,"column":3}}],"line":289},"68":{"loc":{"start":{"line":289,"column":33},"end":{"line":292,"column":3}},"type":"if","locations":[{"start":{"line":289,"column":33},"end":{"line":292,"column":3}},{"start":{"line":289,"column":33},"end":{"line":292,"column":3}}],"line":289},"69":{"loc":{"start":{"line":289,"column":37},"end":{"line":289,"column":72}},"type":"binary-expr","locations":[{"start":{"line":289,"column":37},"end":{"line":289,"column":46}},{"start":{"line":289,"column":50},"end":{"line":289,"column":59}},{"start":{"line":289,"column":63},"end":{"line":289,"column":72}}],"line":289},"70":{"loc":{"start":{"line":296,"column":2},"end":{"line":302,"column":3}},"type":"if","locations":[{"start":{"line":296,"column":2},"end":{"line":302,"column":3}},{"start":{"line":296,"column":2},"end":{"line":302,"column":3}}],"line":296},"71":{"loc":{"start":{"line":300,"column":9},"end":{"line":302,"column":3}},"type":"if","locations":[{"start":{"line":300,"column":9},"end":{"line":302,"column":3}},{"start":{"line":300,"column":9},"end":{"line":302,"column":3}}],"line":300},"72":{"loc":{"start":{"line":306,"column":2},"end":{"line":325,"column":3}},"type":"if","locations":[{"start":{"line":306,"column":2},"end":{"line":325,"column":3}},{"start":{"line":306,"column":2},"end":{"line":325,"column":3}}],"line":306},"73":{"loc":{"start":{"line":309,"column":9},"end":{"line":325,"column":3}},"type":"if","locations":[{"start":{"line":309,"column":9},"end":{"line":325,"column":3}},{"start":{"line":309,"column":9},"end":{"line":325,"column":3}}],"line":309},"74":{"loc":{"start":{"line":311,"column":9},"end":{"line":325,"column":3}},"type":"if","locations":[{"start":{"line":311,"column":9},"end":{"line":325,"column":3}},{"start":{"line":311,"column":9},"end":{"line":325,"column":3}}],"line":311},"75":{"loc":{"start":{"line":313,"column":9},"end":{"line":325,"column":3}},"type":"if","locations":[{"start":{"line":313,"column":9},"end":{"line":325,"column":3}},{"start":{"line":313,"column":9},"end":{"line":325,"column":3}}],"line":313},"76":{"loc":{"start":{"line":317,"column":9},"end":{"line":325,"column":3}},"type":"if","locations":[{"start":{"line":317,"column":9},"end":{"line":325,"column":3}},{"start":{"line":317,"column":9},"end":{"line":325,"column":3}}],"line":317},"77":{"loc":{"start":{"line":329,"column":2},"end":{"line":338,"column":3}},"type":"if","locations":[{"start":{"line":329,"column":2},"end":{"line":338,"column":3}},{"start":{"line":329,"column":2},"end":{"line":338,"column":3}}],"line":329},"78":{"loc":{"start":{"line":329,"column":6},"end":{"line":329,"column":67}},"type":"binary-expr","locations":[{"start":{"line":329,"column":6},"end":{"line":329,"column":28}},{"start":{"line":329,"column":32},"end":{"line":329,"column":41}},{"start":{"line":329,"column":45},"end":{"line":329,"column":54}},{"start":{"line":329,"column":58},"end":{"line":329,"column":67}}],"line":329},"79":{"loc":{"start":{"line":331,"column":9},"end":{"line":338,"column":3}},"type":"if","locations":[{"start":{"line":331,"column":9},"end":{"line":338,"column":3}},{"start":{"line":331,"column":9},"end":{"line":338,"column":3}}],"line":331},"80":{"loc":{"start":{"line":333,"column":9},"end":{"line":338,"column":3}},"type":"if","locations":[{"start":{"line":333,"column":9},"end":{"line":338,"column":3}},{"start":{"line":333,"column":9},"end":{"line":338,"column":3}}],"line":333},"81":{"loc":{"start":{"line":335,"column":9},"end":{"line":338,"column":3}},"type":"if","locations":[{"start":{"line":335,"column":9},"end":{"line":338,"column":3}},{"start":{"line":335,"column":9},"end":{"line":338,"column":3}}],"line":335},"82":{"loc":{"start":{"line":342,"column":2},"end":{"line":348,"column":3}},"type":"if","locations":[{"start":{"line":342,"column":2},"end":{"line":348,"column":3}},{"start":{"line":342,"column":2},"end":{"line":348,"column":3}}],"line":342},"83":{"loc":{"start":{"line":345,"column":9},"end":{"line":348,"column":3}},"type":"if","locations":[{"start":{"line":345,"column":9},"end":{"line":348,"column":3}},{"start":{"line":345,"column":9},"end":{"line":348,"column":3}}],"line":345},"84":{"loc":{"start":{"line":345,"column":33},"end":{"line":348,"column":3}},"type":"if","locations":[{"start":{"line":345,"column":33},"end":{"line":348,"column":3}},{"start":{"line":345,"column":33},"end":{"line":348,"column":3}}],"line":345},"85":{"loc":{"start":{"line":352,"column":2},"end":{"line":359,"column":3}},"type":"if","locations":[{"start":{"line":352,"column":2},"end":{"line":359,"column":3}},{"start":{"line":352,"column":2},"end":{"line":359,"column":3}}],"line":352},"86":{"loc":{"start":{"line":355,"column":9},"end":{"line":359,"column":3}},"type":"if","locations":[{"start":{"line":355,"column":9},"end":{"line":359,"column":3}},{"start":{"line":355,"column":9},"end":{"line":359,"column":3}}],"line":355},"87":{"loc":{"start":{"line":355,"column":33},"end":{"line":359,"column":3}},"type":"if","locations":[{"start":{"line":355,"column":33},"end":{"line":359,"column":3}},{"start":{"line":355,"column":33},"end":{"line":359,"column":3}}],"line":355},"88":{"loc":{"start":{"line":363,"column":2},"end":{"line":378,"column":3}},"type":"if","locations":[{"start":{"line":363,"column":2},"end":{"line":378,"column":3}},{"start":{"line":363,"column":2},"end":{"line":378,"column":3}}],"line":363},"89":{"loc":{"start":{"line":365,"column":9},"end":{"line":378,"column":3}},"type":"if","locations":[{"start":{"line":365,"column":9},"end":{"line":378,"column":3}},{"start":{"line":365,"column":9},"end":{"line":378,"column":3}}],"line":365},"90":{"loc":{"start":{"line":369,"column":9},"end":{"line":378,"column":3}},"type":"if","locations":[{"start":{"line":369,"column":9},"end":{"line":378,"column":3}},{"start":{"line":369,"column":9},"end":{"line":378,"column":3}}],"line":369},"91":{"loc":{"start":{"line":373,"column":9},"end":{"line":378,"column":3}},"type":"if","locations":[{"start":{"line":373,"column":9},"end":{"line":378,"column":3}},{"start":{"line":373,"column":9},"end":{"line":378,"column":3}}],"line":373},"92":{"loc":{"start":{"line":382,"column":2},"end":{"line":395,"column":3}},"type":"if","locations":[{"start":{"line":382,"column":2},"end":{"line":395,"column":3}},{"start":{"line":382,"column":2},"end":{"line":395,"column":3}}],"line":382},"93":{"loc":{"start":{"line":385,"column":9},"end":{"line":395,"column":3}},"type":"if","locations":[{"start":{"line":385,"column":9},"end":{"line":395,"column":3}},{"start":{"line":385,"column":9},"end":{"line":395,"column":3}}],"line":385},"94":{"loc":{"start":{"line":388,"column":9},"end":{"line":395,"column":3}},"type":"if","locations":[{"start":{"line":388,"column":9},"end":{"line":395,"column":3}},{"start":{"line":388,"column":9},"end":{"line":395,"column":3}}],"line":388},"95":{"loc":{"start":{"line":392,"column":9},"end":{"line":395,"column":3}},"type":"if","locations":[{"start":{"line":392,"column":9},"end":{"line":395,"column":3}},{"start":{"line":392,"column":9},"end":{"line":395,"column":3}}],"line":392},"96":{"loc":{"start":{"line":392,"column":33},"end":{"line":395,"column":3}},"type":"if","locations":[{"start":{"line":392,"column":33},"end":{"line":395,"column":3}},{"start":{"line":392,"column":33},"end":{"line":395,"column":3}}],"line":392},"97":{"loc":{"start":{"line":392,"column":37},"end":{"line":392,"column":98}},"type":"binary-expr","locations":[{"start":{"line":392,"column":37},"end":{"line":392,"column":46}},{"start":{"line":392,"column":50},"end":{"line":392,"column":59}},{"start":{"line":392,"column":63},"end":{"line":392,"column":72}},{"start":{"line":392,"column":76},"end":{"line":392,"column":85}},{"start":{"line":392,"column":89},"end":{"line":392,"column":98}}],"line":392},"98":{"loc":{"start":{"line":392,"column":108},"end":{"line":395,"column":3}},"type":"if","locations":[{"start":{"line":392,"column":108},"end":{"line":395,"column":3}},{"start":{"line":392,"column":108},"end":{"line":395,"column":3}}],"line":392}},"s":{"0":1,"1":1,"2":22,"3":22,"4":0,"5":0,"6":0,"7":0,"8":0,"9":0,"10":0,"11":0,"12":0,"13":0,"14":0,"15":22,"16":22,"17":22,"18":22,"19":181,"20":181,"21":181,"22":0,"23":0,"24":22,"25":22,"26":0,"27":22,"28":0,"29":0,"30":0,"31":0,"32":0,"33":0,"34":0,"35":0,"36":0,"37":0,"38":0,"39":0,"40":0,"41":0,"42":0,"43":0,"44":0,"45":0,"46":0,"47":0,"48":0,"49":0,"50":0,"51":0,"52":0,"53":1,"54":1,"55":1,"56":1,"57":1,"58":1,"59":1,"60":1,"61":1,"62":1,"63":0,"64":0,"65":10,"66":10,"67":10,"68":10,"69":10,"70":10,"71":0,"72":0,"73":0,"74":0,"75":0,"76":0,"77":0,"78":0,"79":0,"80":0,"81":0,"82":0,"83":0,"84":0,"85":0,"86":0,"87":0,"88":0,"89":0,"90":0,"91":0,"92":0,"93":0,"94":0,"95":0,"96":0,"97":0,"98":0,"99":0,"100":0,"101":10,"102":0,"103":0,"104":0,"105":0,"106":0,"107":0,"108":0,"109":0,"110":0,"111":0,"112":0,"113":0,"114":0,"115":0,"116":0,"117":27,"118":27,"119":10,"120":10,"121":10,"122":31,"123":11,"124":10,"125":10,"126":10,"127":5,"128":10,"129":17,"130":5,"131":0,"132":5,"133":0,"134":5,"135":5,"136":5,"137":12,"138":1,"139":1,"140":1,"141":0,"142":28,"143":17,"144":11,"145":11,"146":11,"147":0,"148":0,"149":17,"150":5,"151":12,"152":11,"153":11,"154":1,"155":1,"156":5,"157":5,"158":5,"159":0,"160":0,"161":34,"162":8,"163":26,"164":1,"165":25,"166":18,"167":18,"168":7,"169":7,"170":7,"171":0,"172":14,"173":3,"174":11,"175":4,"176":7,"177":7,"178":7,"179":25,"180":7,"181":18,"182":0,"183":18,"184":18,"185":18,"186":18,"187":5,"188":5,"189":5,"190":5,"191":0,"192":17,"193":6,"194":11,"195":3,"196":8,"197":6,"198":2,"199":2,"200":2,"201":2,"202":0,"203":0,"204":0,"205":0,"206":11,"207":5,"208":6,"209":2,"210":4,"211":3,"212":1,"213":1,"214":14,"215":2,"216":2,"217":12,"218":12,"219":11,"220":11,"221":28,"222":3,"223":3,"224":25,"225":25,"226":25,"227":25,"228":5,"229":3,"230":2,"231":1,"232":1,"233":1,"234":0,"235":0,"236":0,"237":1,"238":1,"239":1,"240":4,"241":0,"242":0,"243":4,"244":0,"245":0,"246":4,"247":1,"248":1,"249":1,"250":3,"251":3,"252":3,"253":3,"254":3,"255":12,"256":12,"257":12,"258":12,"259":12,"260":12,"261":12,"262":12,"263":159,"264":159,"265":0,"266":12,"267":12,"268":12},"f":{"0":22,"1":0,"2":0,"3":0,"4":22,"5":181,"6":0,"7":22,"8":0,"9":0,"10":0,"11":0,"12":0,"13":0,"14":0,"15":10,"16":0,"17":0,"18":0,"19":27,"20":28,"21":17,"22":5,"23":34,"24":14,"25":25,"26":5,"27":17,"28":11,"29":14,"30":28,"31":5,"32":4,"33":12},"b":{"0":[22,22,0],"1":[0,22],"2":[0,0],"3":[0,0,0,0,0],"4":[0,0],"5":[0,0],"6":[0,22],"7":[22,0],"8":[0,22],"9":[0,0,0,0],"10":[0,0],"11":[0,0],"12":[0,0],"13":[0,0],"14":[0,0],"15":[0,0],"16":[0,0],"17":[0,0],"18":[0,0],"19":[0,0,0],"20":[0,0],"21":[0,0],"22":[0,0],"23":[10,0],"24":[0,0],"25":[0,0],"26":[0,0],"27":[0,0],"28":[0,0],"29":[0,0],"30":[0,0],"31":[0,0],"32":[0,0],"33":[0,0],"34":[0,0],"35":[0,0],"36":[0,0],"37":[0,0],"38":[0,0],"39":[0,0],"40":[10,17],"41":[11,20],"42":[31,21],"43":[5,5],"44":[5,12],"45":[0,5],"46":[0,5],"47":[1,11],"48":[1,0],"49":[17,11],"50":[11,0],"51":[5,12],"52":[11,1],"53":[5,0],"54":[0,0],"55":[0,0],"56":[8,26],"57":[1,25],"58":[18,7],"59":[7,0],"60":[3,11],"61":[4,7],"62":[11,10,7],"63":[0,7],"64":[7,18],"65":[25,19,18,18],"66":[0,18],"67":[0,18],"68":[0,18],"69":[18,18,18],"70":[5,0],"71":[0,0],"72":[6,11],"73":[3,8],"74":[6,2],"75":[2,0],"76":[0,0],"77":[5,6],"78":[11,6,6,6],"79":[2,4],"80":[3,1],"81":[0,1],"82":[2,12],"83":[0,12],"84":[1,11],"85":[3,25],"86":[0,25],"87":[0,25],"88":[3,2],"89":[1,1],"90":[0,1],"91":[0,1],"92":[0,4],"93":[0,4],"94":[1,3],"95":[0,3],"96":[0,3],"97":[3,3,3,3,3],"98":[0,3]},"inputSourceMap":{"version":3,"sources":["parser.js"],"names":["css","require","specificity","compare","layout","EOF","Symbol","currentToken","currentAttribute","currentTextNode","stack","rules","addCSSRules","text","ast","parse","push","stylesheet","computeCSS","element","elements","slice","reverse","computedStyle","rule","selectorParts","selectors","split","match","matched","selectorLocation","elementLocation","length","sp","declarations","declaration","property","value","selector","attributes","charAt","attr","filter","name","replace","tagName","emit","token","top","type","children","p","isSelfClosing","Error","content","pop","data","c","tagOpen","endTagOpen","beforeAttributeName","selfClosingStartTag","afterAttributeName","attributeName","beforeAttributeValue","doubleQuotedAttributeValue","singleQuotedAttributeValue","UnqotedAttributeValue","afterQuotedAttributeValue","parseHTML","html","state"],"mappings":";;;;;;;;;;;;;;;;;;;;;AAAA,IAAMA,GAAG,GAAGC,OAAO,CAAC,KAAD,CAAnB;;AACA,eAAiCA,OAAO,CAAC,kBAAD,CAAxC;AAAA,IAAQC,WAAR,YAAQA,WAAR;AAAA,IAAqBC,OAArB,YAAqBA,OAArB;;AACA,IAAMC,MAAM,GAAGH,OAAO,CAAC,aAAD,CAAtB;;AAEA,IAAMI,GAAG,GAAGC,MAAM,CAAC,KAAD,CAAlB;AAEA,IAAIC,YAAY,GAAG,IAAnB;AACA,IAAIC,gBAAgB,GAAG,IAAvB;AACA,IAAIC,eAAe,GAAG,IAAtB;AACA,IAAIC,KAAJ;AACA,IAAIC,KAAK,GAAG,EAAZ;;AAEA,SAASC,WAAT,CAAqBC,IAArB,EAA2B;AACzB,MAAIC,GAAG,GAAGd,GAAG,CAACe,KAAJ,CAAUF,IAAV,CAAV;AACAF,EAAAA,KAAK,CAACK,IAAN,OAAAL,KAAK,qBAASG,GAAG,CAACG,UAAJ,CAAeN,KAAxB,EAAL;AACD;;AAED,SAASO,UAAT,CAAoBC,OAApB,EAA6B;AAC3B,MAAIC,QAAQ,GAAGV,KAAK,CAACW,KAAN,GAAcC,OAAd,EAAf;;AACA,MAAI,CAACH,OAAO,CAACI,aAAb,EAA4B;AAC1BJ,IAAAA,OAAO,CAACI,aAAR,GAAwB,EAAxB;AACD;;AAJ0B,6CAMVZ,KANU;AAAA;;AAAA;AAM3B,wDAAwB;AAAA,UAAfa,IAAe;AACtB,UAAIC,aAAa,GAAGD,IAAI,CAACE,SAAL,CAAe,CAAf,EAAkBC,KAAlB,CAAwB,GAAxB,EAA6BL,OAA7B,EAApB;;AACA,UAAI,CAACM,KAAK,CAACT,OAAD,EAAUM,aAAa,CAAC,CAAD,CAAvB,CAAV,EAAuC;AACrC;AACD;;AAED,UAAII,OAAO,GAAG,KAAd;AAEA,UAAIC,gBAAgB,GAAG,CAAvB;;AACA,WACE,IAAIC,eAAe,GAAG,CADxB,EAEEA,eAAe,GAAGX,QAAQ,CAACY,MAF7B,EAGED,eAAe,EAHjB,EAIE;AACA,YAAIH,KAAK,CAACR,QAAQ,CAACW,eAAD,CAAT,EAA4BN,aAAa,CAACK,gBAAD,CAAzC,CAAT,EAAuE;AACrEA,UAAAA,gBAAgB;AACjB;AACF;;AAED,UAAIA,gBAAgB,IAAIL,aAAa,CAACO,MAAtC,EAA8C;AAC5CH,QAAAA,OAAO,GAAG,IAAV;AACD;;AAED,UAAIA,OAAJ,EAAa;AACX,YAAII,EAAE,GAAG/B,WAAW,CAACsB,IAAI,CAACE,SAAL,CAAe,CAAf,CAAD,CAApB;AACA,YAAIH,aAAa,GAAGJ,OAAO,CAACI,aAA5B;;AAFW,oDAIaC,IAAI,CAACU,YAJlB;AAAA;;AAAA;AAIX,iEAA2C;AAAA,gBAAlCC,WAAkC;;AACzC,gBAAI,CAACZ,aAAa,CAACY,WAAW,CAACC,QAAb,CAAlB,EAA0C;AACxCb,cAAAA,aAAa,CAACY,WAAW,CAACC,QAAb,CAAb,GAAsC,EAAtC;AACD;;AAED,gBAAI,CAACb,aAAa,CAACY,WAAW,CAACC,QAAb,CAAb,CAAoClC,WAAzC,EAAsD;AACpDqB,cAAAA,aAAa,CAACY,WAAW,CAACC,QAAb,CAAb,CAAoCC,KAApC,GAA4CF,WAAW,CAACE,KAAxD;AACAd,cAAAA,aAAa,CAACY,WAAW,CAACC,QAAb,CAAb,CAAoClC,WAApC,GAAkD+B,EAAlD;AACD,aAHD,MAGO,IACL9B,OAAO,CAACoB,aAAa,CAACY,WAAW,CAACC,QAAb,CAAb,CAAoClC,WAArC,EAAkD+B,EAAlD,CAAP,GAA+D,CAD1D,EAEL;AACAV,cAAAA,aAAa,CAACY,WAAW,CAACC,QAAb,CAAb,CAAoCC,KAApC,GAA4CF,WAAW,CAACE,KAAxD;AACAd,cAAAA,aAAa,CAACY,WAAW,CAACC,QAAb,CAAb,CAAoClC,WAApC,GAAkD+B,EAAlD;AACD;AACF,WAlBU,CAoBX;AACA;AACA;AACA;AACA;AACA;AACA;AACA;AACA;;AA5BW;AAAA;AAAA;AAAA;AAAA;AA6BZ;AACF;AA3D0B;AAAA;AAAA;AAAA;AAAA;AA4D5B;;AAED,SAASL,KAAT,CAAeT,OAAf,EAAwBmB,QAAxB,EAAkC;AAChC,MAAI,CAACA,QAAD,IAAa,CAACnB,OAAO,CAACoB,UAA1B,EAAsC,OAAO,KAAP;;AAEtC,MAAID,QAAQ,CAACE,MAAT,CAAgB,CAAhB,MAAuB,GAA3B,EAAgC;AAC9B,QAAIC,IAAI,GAAGtB,OAAO,CAACoB,UAAR,CAAmBG,MAAnB,CAA0B,UAAAD,IAAI;AAAA,aAAIA,IAAI,CAACE,IAAL,KAAc,IAAlB;AAAA,KAA9B,EAAsD,CAAtD,CAAX;;AACA,QAAIF,IAAI,IAAIA,IAAI,CAACJ,KAAL,KAAeC,QAAQ,CAACM,OAAT,CAAiB,GAAjB,EAAsB,EAAtB,CAA3B,EAAsD;AACpD,aAAO,IAAP;AACD;AACF,GALD,MAKO,IAAIN,QAAQ,CAACE,MAAT,CAAgB,CAAhB,MAAuB,GAA3B,EAAgC;AACrC,QAAIC,IAAI,GAAGtB,OAAO,CAACoB,UAAR,CAAmBG,MAAnB,CAA0B,UAAAD,IAAI;AAAA,aAAIA,IAAI,CAACE,IAAL,KAAc,OAAlB;AAAA,KAA9B,EAAyD,CAAzD,CAAX;;AACA,QAAIF,IAAI,IAAIA,IAAI,CAACJ,KAAL,KAAeC,QAAQ,CAACM,OAAT,CAAiB,GAAjB,EAAsB,EAAtB,CAA3B,EAAsD;AACpD,aAAO,IAAP;AACD;AACF,GALM,MAKA;AACL,QAAIzB,OAAO,CAAC0B,OAAR,KAAoBP,QAAxB,EAAkC;AAChC,aAAO,IAAP;AACD;AACF;;AAED,SAAO,KAAP;AACD;;AACD,SAASQ,IAAT,CAAcC,KAAd,EAAqB;AACnB;AAEA,MAAIC,GAAG,GAAGtC,KAAK,CAACA,KAAK,CAACsB,MAAN,GAAe,CAAhB,CAAf;;AAEA,MAAIe,KAAK,CAACE,IAAN,KAAe,UAAnB,EAA+B;AAC7B,QAAI9B,OAAO,GAAG;AACZ8B,MAAAA,IAAI,EAAE,SADM;AAEZC,MAAAA,QAAQ,EAAE,EAFE;AAGZX,MAAAA,UAAU,EAAE;AAHA,KAAd;AAMApB,IAAAA,OAAO,CAAC0B,OAAR,GAAkBE,KAAK,CAACF,OAAxB;;AAEA,SAAK,IAAIM,CAAT,IAAcJ,KAAd,EAAqB;AACnB,UAAII,CAAC,KAAK,MAAN,IAAgBA,CAAC,KAAK,SAA1B,EAAqC;AACnChC,QAAAA,OAAO,CAACoB,UAAR,CAAmBvB,IAAnB,CAAwB;AACtB2B,UAAAA,IAAI,EAAEQ,CADgB;AAEtBd,UAAAA,KAAK,EAAEU,KAAK,CAACI,CAAD;AAFU,SAAxB;AAID;AACF;;AAEDjC,IAAAA,UAAU,CAACC,OAAD,CAAV;AAEA6B,IAAAA,GAAG,CAACE,QAAJ,CAAalC,IAAb,CAAkBG,OAAlB,EApB6B,CAqB7B;AACA;;AAEA,QAAI,CAAC4B,KAAK,CAACK,aAAX,EAA0B;AACxB1C,MAAAA,KAAK,CAACM,IAAN,CAAWG,OAAX;AACD;;AAEDV,IAAAA,eAAe,GAAG,IAAlB;AACD,GA7BD,MA6BO,IAAIsC,KAAK,CAACE,IAAN,KAAe,QAAnB,EAA6B;AAClC;AACA,QAAID,GAAG,CAACH,OAAJ,IAAeE,KAAK,CAACF,OAAzB,EAAkC;AAChC,YAAM,IAAIQ,KAAJ,CAAU,8BAAV,CAAN;AACD,KAFD,MAEO;AACL;AACA,UAAIL,GAAG,CAACH,OAAJ,KAAgB,OAApB,EAA6B;AAC3BjC,QAAAA,WAAW,CAACoC,GAAG,CAACE,QAAJ,CAAa,CAAb,EAAgBI,OAAjB,CAAX;AACD;;AAEDlD,MAAAA,MAAM,CAAC4C,GAAD,CAAN;AAEAtC,MAAAA,KAAK,CAAC6C,GAAN;AACD;;AACD9C,IAAAA,eAAe,GAAG,IAAlB;AACD,GAfM,MAeA,IAAIsC,KAAK,CAACE,IAAN,IAAc,MAAlB,EAA0B;AAC/B,QAAIxC,eAAe,IAAI,IAAvB,EAA6B;AAC3BA,MAAAA,eAAe,GAAG;AAChBwC,QAAAA,IAAI,EAAE,MADU;AAEhBK,QAAAA,OAAO,EAAE;AAFO,OAAlB;AAIAN,MAAAA,GAAG,CAACE,QAAJ,CAAalC,IAAb,CAAkBP,eAAlB;AACD,KAND,MAMO;AACLA,MAAAA,eAAe,CAAC6C,OAAhB,IAA2BP,KAAK,CAACO,OAAjC;AACD;AACF;AACF;;AAED,SAASE,IAAT,CAAcC,CAAd,EAAiB;AACf,MAAIA,CAAC,KAAK,GAAV,EAAe;AACb,WAAOC,OAAP;AACD,GAFD,MAEO,IAAID,CAAC,KAAKpD,GAAV,EAAe;AACpByC,IAAAA,IAAI,CAAC;AACHG,MAAAA,IAAI,EAAE;AADH,KAAD,CAAJ;AAGA;AACD,GALM,MAKA;AACLH,IAAAA,IAAI,CAAC;AACHG,MAAAA,IAAI,EAAE,MADH;AAEHK,MAAAA,OAAO,EAAEG;AAFN,KAAD,CAAJ;AAIA,WAAOD,IAAP;AACD;AACF;;AAED,SAASE,OAAT,CAAiBD,CAAjB,EAAoB;AAClB,MAAIA,CAAC,KAAK,GAAV,EAAe;AACb,WAAOE,UAAP;AACD,GAFD,MAEO,IAAIF,CAAC,CAAC7B,KAAF,CAAQ,YAAR,CAAJ,EAA2B;AAChCrB,IAAAA,YAAY,GAAG;AACb0C,MAAAA,IAAI,EAAE,UADO;AAEbJ,MAAAA,OAAO,EAAE;AAFI,KAAf;AAIA,WAAOA,OAAO,CAACY,CAAD,CAAd;AACD,GANM,MAMA;AACLX,IAAAA,IAAI,CAAC;AAAEG,MAAAA,IAAI,EAAE,MAAR;AAAgBK,MAAAA,OAAO,EAAEG;AAAzB,KAAD,CAAJ;AACA,WAAOD,IAAP;AACD;AACF;;AAED,SAASG,UAAT,CAAoBF,CAApB,EAAuB;AACrB,MAAIA,CAAC,CAAC7B,KAAF,CAAQ,YAAR,CAAJ,EAA2B;AACzBrB,IAAAA,YAAY,GAAG;AACb0C,MAAAA,IAAI,EAAE,QADO;AAEbJ,MAAAA,OAAO,EAAE;AAFI,KAAf;AAIA,WAAOA,OAAO,CAACY,CAAD,CAAd;AACD,GAND,MAMO,IAAIA,CAAC,KAAK,GAAV,EAAe,CACpB;AACD,GAFM,MAEA,IAAIA,CAAC,KAAKpD,GAAV,EAAe,CACpB;AACD,GAFM,MAEA,CACN;AACF;;AAED,SAASwC,OAAT,CAAiBY,CAAjB,EAAoB;AAClB,MAAIA,CAAC,CAAC7B,KAAF,CAAQ,aAAR,CAAJ,EAA4B;AAC1B,WAAOgC,mBAAP;AACD,GAFD,MAEO,IAAIH,CAAC,KAAK,GAAV,EAAe;AACpB,WAAOI,mBAAP;AACD,GAFM,MAEA,IAAIJ,CAAC,CAAC7B,KAAF,CAAQ,YAAR,CAAJ,EAA2B;AAChCrB,IAAAA,YAAY,CAACsC,OAAb,IAAwBY,CAAxB;AACA,WAAOZ,OAAP;AACD,GAHM,MAGA,IAAIY,CAAC,KAAK,GAAV,EAAe;AACpBX,IAAAA,IAAI,CAACvC,YAAD,CAAJ;AACA,WAAOiD,IAAP;AACD,GAHM,MAGA;AACL;AACA,WAAOX,OAAP;AACD;AACF;;AAED,SAASe,mBAAT,CAA6BH,CAA7B,EAAgC;AAC9B,MAAIA,CAAC,CAAC7B,KAAF,CAAQ,aAAR,CAAJ,EAA4B;AAC1B,WAAOgC,mBAAP;AACD,GAFD,MAEO,IAAIH,CAAC,KAAK,GAAN,IAAaA,CAAC,KAAK,GAAnB,IAA0BA,CAAC,KAAKpD,GAApC,EAAyC;AAC9C,WAAOyD,kBAAkB,CAACL,CAAD,CAAzB;AACD,GAFM,MAEA,IAAIA,CAAC,KAAK,GAAV,EAAe,CACrB,CADM,MACA;AACLjD,IAAAA,gBAAgB,GAAG;AACjBmC,MAAAA,IAAI,EAAE,EADW;AAEjBN,MAAAA,KAAK,EAAE;AAFU,KAAnB;AAIA,WAAO0B,aAAa,CAACN,CAAD,CAApB;AACD;AACF;;AAED,SAASM,aAAT,CAAuBN,CAAvB,EAA0B;AACxB,MAAIA,CAAC,CAAC7B,KAAF,CAAQ,aAAR,KAA0B6B,CAAC,KAAK,GAAhC,IAAuCA,CAAC,KAAK,GAA7C,IAAoDA,CAAC,KAAKpD,GAA9D,EAAmE;AACjE,WAAOyD,kBAAkB,CAACL,CAAD,CAAzB;AACD,GAFD,MAEO,IAAIA,CAAC,KAAK,GAAV,EAAe;AACpB,WAAOO,oBAAP;AACD,GAFM,MAEA,IAAIP,CAAC,KAAK,IAAV,EAAoB,CAC1B,CADM,MACA,IAAIA,CAAC,KAAK,GAAN,IAAaA,CAAC,KAAK,GAAnB,IAA0BA,CAAC,KAAK,GAApC,EAAyC,CAC/C,CADM,MACA;AACLjD,IAAAA,gBAAgB,CAACmC,IAAjB,IAAyBc,CAAzB;AACA,WAAOM,aAAP;AACD;AACF;;AAED,SAASF,mBAAT,CAA6BJ,CAA7B,EAAgC;AAC9B,MAAIA,CAAC,KAAK,GAAV,EAAe;AACblD,IAAAA,YAAY,CAAC6C,aAAb,GAA6B,IAA7B;AACAN,IAAAA,IAAI,CAACvC,YAAD,CAAJ;AACA,WAAOiD,IAAP;AACD,GAJD,MAIO,IAAIC,CAAC,KAAK,KAAV,EAAiB,CACtB;AACD,GAFM,MAEA,CACL;AACD;AACF;;AAED,SAASK,kBAAT,CAA4BL,CAA5B,EAA+B;AAC7B,MAAIA,CAAC,CAAC7B,KAAF,CAAQ,aAAR,CAAJ,EAA4B;AAC1B;AACA,WAAOkC,kBAAP;AACD,GAHD,MAGO,IAAIL,CAAC,KAAK,GAAV,EAAe;AACpB,WAAOI,mBAAP;AACD,GAFM,MAEA,IAAIJ,CAAC,KAAK,GAAV,EAAe;AACpB,WAAOO,oBAAP;AACD,GAFM,MAEA,IAAIP,CAAC,KAAK,GAAV,EAAe;AACpBlD,IAAAA,YAAY,CAACC,gBAAgB,CAACmC,IAAlB,CAAZ,GAAsCnC,gBAAgB,CAAC6B,KAAvD;AACAS,IAAAA,IAAI,CAACvC,YAAD,CAAJ;AACA,WAAOiD,IAAP;AACD,GAJM,MAIA,IAAIC,CAAC,KAAKpD,GAAV,EAAe,CACpB;AACD,GAFM,MAEA;AACLE,IAAAA,YAAY,CAACC,gBAAgB,CAACmC,IAAlB,CAAZ,GAAsCnC,gBAAgB,CAAC6B,KAAvD;AACA7B,IAAAA,gBAAgB,GAAG;AACjBmC,MAAAA,IAAI,EAAE,EADW;AAEjBN,MAAAA,KAAK,EAAE;AAFU,KAAnB;AAKA,WAAOyB,kBAAkB,CAACL,CAAD,CAAzB;AACD;AACF;;AAED,SAASO,oBAAT,CAA8BP,CAA9B,EAAiC;AAC/B,MAAIA,CAAC,CAAC7B,KAAF,CAAQ,aAAR,KAA0B6B,CAAC,KAAK,GAAhC,IAAuCA,CAAC,KAAK,GAA7C,IAAoDA,CAAC,KAAKpD,GAA9D,EAAmE;AACjE,WAAO2D,oBAAP;AACD,GAFD,MAEO,IAAIP,CAAC,KAAK,GAAV,EAAe;AACpB,WAAOQ,0BAAP;AACD,GAFM,MAEA,IAAIR,CAAC,KAAK,GAAV,EAAe;AACpB,WAAOS,0BAAP;AACD,GAFM,MAEA,IAAIT,CAAC,KAAK,GAAV,EAAe,CACpB;AACD,GAFM,MAEA;AACL,WAAOU,qBAAqB,CAACV,CAAD,CAA5B;AACD;AACF;;AAED,SAASQ,0BAAT,CAAoCR,CAApC,EAAuC;AACrC,MAAIA,CAAC,IAAI,GAAT,EAAc;AACZlD,IAAAA,YAAY,CAACC,gBAAgB,CAACmC,IAAlB,CAAZ,GAAsCnC,gBAAgB,CAAC6B,KAAvD;AACA,WAAO+B,yBAAP;AACD,GAHD,MAGO,IAAIX,CAAC,KAAK,IAAV,EAAoB,CAC1B,CADM,MACA,IAAIA,CAAC,KAAKpD,GAAV,EAAe,CACrB,CADM,MACA;AACLG,IAAAA,gBAAgB,CAAC6B,KAAjB,IAA0BoB,CAA1B;AACA,WAAOQ,0BAAP;AACD;AACF;;AAED,SAASC,0BAAT,CAAoCT,CAApC,EAAuC;AACrC,MAAIA,CAAC,KAAK,GAAV,EAAe;AACblD,IAAAA,YAAY,CAACC,gBAAgB,CAACmC,IAAlB,CAAZ,GAAsCnC,gBAAgB,CAAC6B,KAAvD;AACA,WAAO+B,yBAAP;AACD,GAHD,MAGO,IAAIX,CAAC,KAAK,IAAV,EAAoB,CAC1B,CADM,MACA,IAAIA,CAAC,KAAKpD,GAAV,EAAe,CACrB,CADM,MACA;AACLG,IAAAA,gBAAgB,CAAC6B,KAAjB,IAA0BoB,CAA1B,CADK,CAEL;;AACA,WAAOS,0BAAP;AACD;AACF;;AAED,SAASE,yBAAT,CAAmCX,CAAnC,EAAsC;AACpC,MAAIA,CAAC,CAAC7B,KAAF,CAAQ,aAAR,CAAJ,EAA4B;AAC1B,WAAOgC,mBAAP;AACD,GAFD,MAEO,IAAIH,CAAC,KAAK,GAAV,EAAe;AACpB;AACAlD,IAAAA,YAAY,CAACC,gBAAgB,CAACmC,IAAlB,CAAZ,GAAsCnC,gBAAgB,CAAC6B,KAAvD;AACA,WAAOwB,mBAAP;AACD,GAJM,MAIA,IAAIJ,CAAC,KAAK,IAAV,EAAgB;AACrBlD,IAAAA,YAAY,CAACC,gBAAgB,CAACmC,IAAlB,CAAZ,GAAsCnC,gBAAgB,CAAC6B,KAAvD;AACAS,IAAAA,IAAI,CAACvC,YAAD,CAAJ;AACA,WAAOiD,IAAP;AACD,GAJM,MAIA,IAAIC,CAAC,KAAKpD,GAAV,EAAe,CACpB;AACD,GAFM,MAEA;AACLG,IAAAA,gBAAgB,CAAC6B,KAAjB,GAAyB,CAACoB,CAA1B,CADK,CAEL;;AACA,WAAOQ,0BAA0B,CAACR,CAAD,CAAjC;AACD;AACF;;AAED,SAASU,qBAAT,CAA+BV,CAA/B,EAAkC;AAChC,MAAIA,CAAC,CAAC7B,KAAF,CAAQ,aAAR,CAAJ,EAA4B;AAC1BrB,IAAAA,YAAY,CAACC,gBAAgB,CAACmC,IAAlB,CAAZ,GAAsCnC,gBAAgB,CAAC6B,KAAvD;AACA,WAAOuB,mBAAP;AACD,GAHD,MAGO,IAAIH,CAAC,KAAK,GAAV,EAAe;AACpBlD,IAAAA,YAAY,CAACC,gBAAgB,CAACmC,IAAlB,CAAZ,GAAsCnC,gBAAgB,CAAC6B,KAAvD;AACA,WAAOwB,mBAAP;AACD,GAHM,MAGA,IAAIJ,CAAC,KAAK,GAAV,EAAe;AACpBlD,IAAAA,YAAY,CAACC,gBAAgB,CAACmC,IAAlB,CAAZ,GAAsCnC,gBAAgB,CAAC6B,KAAvD;AACAS,IAAAA,IAAI,CAACvC,YAAD,CAAJ;AACA,WAAOiD,IAAP;AACD,GAJM,MAIA,IAAIC,CAAC,KAAK,IAAV,EAAoB,CAC1B,CADM,MACA,IAAIA,CAAC,KAAK,GAAN,IAAaA,CAAC,KAAK,GAAnB,IAA0BA,CAAC,KAAK,GAAhC,IAAuCA,CAAC,KAAK,GAA7C,IAAoDA,CAAC,KAAK,GAA9D,EAAmE,CACzE,CADM,MACA,IAAIA,CAAC,KAAKpD,GAAV,EAAe,CACrB,CADM,MACA;AACLG,IAAAA,gBAAgB,CAAC6B,KAAjB,IAA0BoB,CAA1B;AACA,WAAOU,qBAAP;AACD;AACF;;AAEM,SAASE,SAAT,CAAmBC,IAAnB,EAAyB;AAC9B5D,EAAAA,KAAK,GAAG,CAAC;AAAEuC,IAAAA,IAAI,EAAE,UAAR;AAAoBC,IAAAA,QAAQ,EAAE;AAA9B,GAAD,CAAR;AACA3C,EAAAA,YAAY,GAAG,IAAf;AACAC,EAAAA,gBAAgB,GAAG,IAAnB;AACAC,EAAAA,eAAe,GAAG,IAAlB;AACA,MAAI8D,KAAK,GAAGf,IAAZ;;AAL8B,8CAMdc,IANc;AAAA;;AAAA;AAM9B,2DAAsB;AAAA,UAAXb,CAAW;AACpBc,MAAAA,KAAK,GAAGA,KAAK,CAACd,CAAD,CAAb;AACD;AAR6B;AAAA;AAAA;AAAA;AAAA;;AAS9Bc,EAAAA,KAAK,GAAGA,KAAK,CAAClE,GAAD,CAAb;AAEA,SAAOK,KAAK,CAAC,CAAD,CAAZ;AACD","sourceRoot":"C:\\Users\\hong\\projects\\geekTime\\homework\\week11\\html-parser\\src\\","sourcesContent":["const css = require(\"css\");\nconst { specificity, compare } = require(\"./specificity.js\");\nconst layout = require(\"./layout.js\");\n\nconst EOF = Symbol(\"EOF\");\n\nlet currentToken = null;\nlet currentAttribute = null;\nlet currentTextNode = null;\nlet stack;\nlet rules = [];\n\nfunction addCSSRules(text) {\n  let ast = css.parse(text);\n  rules.push(...ast.stylesheet.rules);\n}\n\nfunction computeCSS(element) {\n  let elements = stack.slice().reverse();\n  if (!element.computedStyle) {\n    element.computedStyle = {};\n  }\n\n  for (let rule of rules) {\n    var selectorParts = rule.selectors[0].split(\" \").reverse();\n    if (!match(element, selectorParts[0])) {\n      continue;\n    }\n\n    let matched = false;\n\n    let selectorLocation = 1;\n    for (\n      var elementLocation = 0;\n      elementLocation < elements.length;\n      elementLocation++\n    ) {\n      if (match(elements[elementLocation], selectorParts[selectorLocation])) {\n        selectorLocation++;\n      }\n    }\n\n    if (selectorLocation >= selectorParts.length) {\n      matched = true;\n    }\n\n    if (matched) {\n      var sp = specificity(rule.selectors[0]);\n      let computedStyle = element.computedStyle;\n\n      for (let declaration of rule.declarations) {\n        if (!computedStyle[declaration.property]) {\n          computedStyle[declaration.property] = {};\n        }\n\n        if (!computedStyle[declaration.property].specificity) {\n          computedStyle[declaration.property].value = declaration.value;\n          computedStyle[declaration.property].specificity = sp;\n        } else if (\n          compare(computedStyle[declaration.property].specificity, sp) < 0\n        ) {\n          computedStyle[declaration.property].value = declaration.value;\n          computedStyle[declaration.property].specificity = sp;\n        }\n      }\n\n      // console.log(\n      //   \"\\n\\n******************computeCSS -> computedStylel\",\n      //   \"\\ntagName=\",\n      //   element.tagName,\n      //   \"\\nattribute=\\n\",\n      //   element.attributes,\n      //   \"\\ncomputedStyle=\\n\",\n      //   element.computedStyle\n      // );\n    }\n  }\n}\n\nfunction match(element, selector) {\n  if (!selector || !element.attributes) return false;\n\n  if (selector.charAt(0) === \"#\") {\n    var attr = element.attributes.filter(attr => attr.name === \"id\")[0];\n    if (attr && attr.value === selector.replace(\"#\", \"\")) {\n      return true;\n    }\n  } else if (selector.charAt(0) === \".\") {\n    var attr = element.attributes.filter(attr => attr.name === \"class\")[0];\n    if (attr && attr.value === selector.replace(\".\", \"\")) {\n      return true;\n    }\n  } else {\n    if (element.tagName === selector) {\n      return true;\n    }\n  }\n\n  return false;\n}\nfunction emit(token) {\n  // console.log(\"token=\", token);\n\n  let top = stack[stack.length - 1];\n\n  if (token.type === \"startTag\") {\n    let element = {\n      type: \"element\",\n      children: [],\n      attributes: []\n    };\n\n    element.tagName = token.tagName;\n\n    for (let p in token) {\n      if (p !== \"type\" && p !== \"tagName\") {\n        element.attributes.push({\n          name: p,\n          value: token[p]\n        });\n      }\n    }\n\n    computeCSS(element);\n\n    top.children.push(element);\n    // to do hhe TypeError: Converting circular structure to JSON\n    // element.parent = top;\n\n    if (!token.isSelfClosing) {\n      stack.push(element);\n    }\n\n    currentTextNode = null;\n  } else if (token.type === \"endTag\") {\n    // console.log(\"top.tagName=\", top.tagName, \" token.tagName=\", token.tagName);\n    if (top.tagName != token.tagName) {\n      throw new Error(\"Tag start end doesn't match!\");\n    } else {\n      // add css operation rule\n      if (top.tagName === \"style\") {\n        addCSSRules(top.children[0].content);\n      }\n\n      layout(top);\n\n      stack.pop();\n    }\n    currentTextNode = null;\n  } else if (token.type == \"text\") {\n    if (currentTextNode == null) {\n      currentTextNode = {\n        type: \"text\",\n        content: \"\"\n      };\n      top.children.push(currentTextNode);\n    } else {\n      currentTextNode.content += token.content;\n    }\n  }\n}\n\nfunction data(c) {\n  if (c === \"<\") {\n    return tagOpen;\n  } else if (c === EOF) {\n    emit({\n      type: \"EOF\"\n    });\n    return;\n  } else {\n    emit({\n      type: \"text\",\n      content: c\n    });\n    return data;\n  }\n}\n\nfunction tagOpen(c) {\n  if (c === \"/\") {\n    return endTagOpen;\n  } else if (c.match(/^[a-zA-Z]$/)) {\n    currentToken = {\n      type: \"startTag\",\n      tagName: \"\"\n    };\n    return tagName(c);\n  } else {\n    emit({ type: \"text\", content: c });\n    return data;\n  }\n}\n\nfunction endTagOpen(c) {\n  if (c.match(/^[a-zA-Z]$/)) {\n    currentToken = {\n      type: \"endTag\",\n      tagName: \"\"\n    };\n    return tagName(c);\n  } else if (c === \">\") {\n    // something wrong\n  } else if (c === EOF) {\n    // wrong again\n  } else {\n  }\n}\n\nfunction tagName(c) {\n  if (c.match(/^[\\t\\n\\f ]$/)) {\n    return beforeAttributeName;\n  } else if (c === \"/\") {\n    return selfClosingStartTag;\n  } else if (c.match(/^[a-zA-Z]$/)) {\n    currentToken.tagName += c;\n    return tagName;\n  } else if (c === \">\") {\n    emit(currentToken);\n    return data;\n  } else {\n    // should never be here ???\n    return tagName;\n  }\n}\n\nfunction beforeAttributeName(c) {\n  if (c.match(/^[\\t\\n\\f ]$/)) {\n    return beforeAttributeName;\n  } else if (c === \">\" || c === \"/\" || c === EOF) {\n    return afterAttributeName(c);\n  } else if (c === \"=\") {\n  } else {\n    currentAttribute = {\n      name: \"\",\n      value: \"\"\n    };\n    return attributeName(c);\n  }\n}\n\nfunction attributeName(c) {\n  if (c.match(/^[\\t\\n\\f ]$/) || c === \">\" || c === \"/\" || c === EOF) {\n    return afterAttributeName(c);\n  } else if (c === \"=\") {\n    return beforeAttributeValue;\n  } else if (c === \"\\u0000\") {\n  } else if (c === '\"' || c === \"'\" || c === \"<\") {\n  } else {\n    currentAttribute.name += c;\n    return attributeName;\n  }\n}\n\nfunction selfClosingStartTag(c) {\n  if (c === \">\") {\n    currentToken.isSelfClosing = true;\n    emit(currentToken);\n    return data;\n  } else if (c === \"EOF\") {\n    // something wrong\n  } else {\n    // something wrong\n  }\n}\n\nfunction afterAttributeName(c) {\n  if (c.match(/^[\\t\\n\\f ]$/)) {\n    //hhe\n    return afterAttributeName;\n  } else if (c === \"/\") {\n    return selfClosingStartTag;\n  } else if (c === \"=\") {\n    return beforeAttributeValue;\n  } else if (c === \">\") {\n    currentToken[currentAttribute.name] = currentAttribute.value;\n    emit(currentToken);\n    return data;\n  } else if (c === EOF) {\n    // return data;\n  } else {\n    currentToken[currentAttribute.name] = currentAttribute.value;\n    currentAttribute = {\n      name: \"\",\n      value: \"\"\n    };\n\n    return afterAttributeName(c);\n  }\n}\n\nfunction beforeAttributeValue(c) {\n  if (c.match(/^[\\t\\n\\f ]$/) || c === \">\" || c === \"/\" || c === EOF) {\n    return beforeAttributeValue;\n  } else if (c === '\"') {\n    return doubleQuotedAttributeValue;\n  } else if (c === \"'\") {\n    return singleQuotedAttributeValue;\n  } else if (c === \">\") {\n    // return data;\n  } else {\n    return UnqotedAttributeValue(c);\n  }\n}\n\nfunction doubleQuotedAttributeValue(c) {\n  if (c == '\"') {\n    currentToken[currentAttribute.name] = currentAttribute.value;\n    return afterQuotedAttributeValue;\n  } else if (c === \"\\u0000\") {\n  } else if (c === EOF) {\n  } else {\n    currentAttribute.value += c;\n    return doubleQuotedAttributeValue;\n  }\n}\n\nfunction singleQuotedAttributeValue(c) {\n  if (c === \"'\") {\n    currentToken[currentAttribute.name] = currentAttribute.value;\n    return afterQuotedAttributeValue;\n  } else if (c === \"\\u0000\") {\n  } else if (c === EOF) {\n  } else {\n    currentAttribute.value += c;\n    // todo hhe old doubleQuotedAttributeValue\n    return singleQuotedAttributeValue;\n  }\n}\n\nfunction afterQuotedAttributeValue(c) {\n  if (c.match(/^[\\t\\n\\f ]$/)) {\n    return beforeAttributeName;\n  } else if (c === \"/\") {\n    // hhe added by myself\n    currentToken[currentAttribute.name] = currentAttribute.value;\n    return selfClosingStartTag;\n  } else if (c === \">'\") {\n    currentToken[currentAttribute.name] = currentAttribute.value;\n    emit(currentToken);\n    return data;\n  } else if (c === EOF) {\n    // return data;\n  } else {\n    currentAttribute.value = +c;\n    //hhe to do\n    return doubleQuotedAttributeValue(c);\n  }\n}\n\nfunction UnqotedAttributeValue(c) {\n  if (c.match(/^[\\t\\n\\f ]$/)) {\n    currentToken[currentAttribute.name] = currentAttribute.value;\n    return beforeAttributeName;\n  } else if (c === \"/\") {\n    currentToken[currentAttribute.name] = currentAttribute.value;\n    return selfClosingStartTag;\n  } else if (c === \">\") {\n    currentToken[currentAttribute.name] = currentAttribute.value;\n    emit(currentToken);\n    return data;\n  } else if (c === \"\\u0000\") {\n  } else if (c === '\"' || c === \"'\" || c === \"<\" || c === \"=\" || c === \"`\") {\n  } else if (c === EOF) {\n  } else {\n    currentAttribute.value += c;\n    return UnqotedAttributeValue;\n  }\n}\n\nexport function parseHTML(html) {\n  stack = [{ type: \"document\", children: [] }];\n  currentToken = null;\n  currentAttribute = null;\n  currentTextNode = null;\n  let state = data;\n  for (const c of html) {\n    state = state(c);\n  }\n  state = state(EOF);\n\n  return stack[0];\n}\n"]},"_coverageSchema":"1a1c01bbd47fc00a2c39e90264f33305004495a9","hash":"5bfdecb44c61b8aaabe9a19d4d51a16711f028ed","contentHash":"dcd73fb3e90d3941261fe5a83c4afb5b8479132fa14f642bcac40a109f5ee3f6"},"C:\\Users\\hong\\projects\\geekTime\\homework\\week11\\html-parser\\src\\specificity.js":{"path":"C:\\Users\\hong\\projects\\geekTime\\homework\\week11\\html-parser\\src\\specificity.js","statementMap":{"0":{"start":{"line":3,"column":66},"end":{"line":3,"column":136}},"1":{"start":{"line":3,"column":138},"end":{"line":3,"column":640}},"2":{"start":{"line":3,"column":149},"end":{"line":3,"column":480}},"3":{"start":{"line":3,"column":269},"end":{"line":3,"column":284}},"4":{"start":{"line":3,"column":277},"end":{"line":3,"column":284}},"5":{"start":{"line":3,"column":293},"end":{"line":3,"column":294}},"6":{"start":{"line":3,"column":304},"end":{"line":3,"column":319}},"7":{"start":{"line":3,"column":321},"end":{"line":3,"column":478}},"8":{"start":{"line":3,"column":354},"end":{"line":3,"column":395}},"9":{"start":{"line":3,"column":373},"end":{"line":3,"column":395}},"10":{"start":{"line":3,"column":396},"end":{"line":3,"column":434}},"11":{"start":{"line":3,"column":458},"end":{"line":3,"column":467}},"12":{"start":{"line":3,"column":481},"end":{"line":3,"column":638}},"13":{"start":{"line":3,"column":664},"end":{"line":3,"column":668}},"14":{"start":{"line":3,"column":679},"end":{"line":3,"column":684}},"15":{"start":{"line":3,"column":691},"end":{"line":3,"column":1002}},"16":{"start":{"line":3,"column":718},"end":{"line":3,"column":734}},"17":{"start":{"line":3,"column":767},"end":{"line":3,"column":776}},"18":{"start":{"line":3,"column":778},"end":{"line":3,"column":807}},"19":{"start":{"line":3,"column":808},"end":{"line":3,"column":820}},"20":{"start":{"line":3,"column":845},"end":{"line":3,"column":859}},"21":{"start":{"line":3,"column":860},"end":{"line":3,"column":870}},"22":{"start":{"line":3,"column":892},"end":{"line":3,"column":997}},"23":{"start":{"line":3,"column":898},"end":{"line":3,"column":960}},"24":{"start":{"line":3,"column":945},"end":{"line":3,"column":960}},"25":{"start":{"line":3,"column":973},"end":{"line":3,"column":995}},"26":{"start":{"line":3,"column":985},"end":{"line":3,"column":995}},"27":{"start":{"line":5,"column":50},"end":{"line":5,"column":65}},"28":{"start":{"line":5,"column":58},"end":{"line":5,"column":65}},"29":{"start":{"line":5,"column":66},"end":{"line":5,"column":129}},"30":{"start":{"line":5,"column":93},"end":{"line":5,"column":129}},"31":{"start":{"line":5,"column":138},"end":{"line":5,"column":184}},"32":{"start":{"line":5,"column":186},"end":{"line":5,"column":246}},"33":{"start":{"line":5,"column":223},"end":{"line":5,"column":246}},"34":{"start":{"line":5,"column":247},"end":{"line":5,"column":300}},"35":{"start":{"line":5,"column":279},"end":{"line":5,"column":300}},"36":{"start":{"line":5,"column":301},"end":{"line":5,"column":414}},"37":{"start":{"line":5,"column":378},"end":{"line":5,"column":414}},"38":{"start":{"line":7,"column":39},"end":{"line":7,"column":93}},"39":{"start":{"line":7,"column":76},"end":{"line":7,"column":93}},"40":{"start":{"line":7,"column":94},"end":{"line":7,"column":168}},"41":{"start":{"line":7,"column":107},"end":{"line":7,"column":108}},"42":{"start":{"line":7,"column":117},"end":{"line":7,"column":131}},"43":{"start":{"line":7,"column":149},"end":{"line":7,"column":166}},"44":{"start":{"line":7,"column":169},"end":{"line":7,"column":181}},"45":{"start":{"line":9,"column":22},"end":{"line":14,"column":1}},"46":{"start":{"line":17,"column":10},"end":{"line":17,"column":22}},"47":{"start":{"line":18,"column":22},"end":{"line":18,"column":41}},"48":{"start":{"line":20,"column":18},"end":{"line":20,"column":59}},"49":{"start":{"line":23,"column":2},"end":{"line":39,"column":3}},"50":{"start":{"line":24,"column":4},"end":{"line":34,"column":5}},"51":{"start":{"line":25,"column":17},"end":{"line":25,"column":28}},"52":{"start":{"line":27,"column":6},"end":{"line":33,"column":7}},"53":{"start":{"line":28,"column":8},"end":{"line":28,"column":35}},"54":{"start":{"line":29,"column":13},"end":{"line":33,"column":7}},"55":{"start":{"line":30,"column":8},"end":{"line":30,"column":41}},"56":{"start":{"line":32,"column":8},"end":{"line":32,"column":36}},"57":{"start":{"line":36,"column":4},"end":{"line":36,"column":21}},"58":{"start":{"line":38,"column":4},"end":{"line":38,"column":18}},"59":{"start":{"line":41,
[...]
AAD,CAA3B;AACD;;AAED,YAAIiB,SAAS,GAAGH,UAAS,CAACd,QAAD,CAAzB,EAAqC;AACnCe,UAAAA,QAAQ,CAACE,SAAT,GAAqBA,SAArB;AACAF,UAAAA,QAAQ,CAACG,UAAT,GAAsBA,UAAtB;AACAH,UAAAA,QAAQ,GAAG,CAACF,KAAD,CAAX;AACAG,UAAAA,SAAS,CAACI,IAAV,CAAeL,QAAf;AACAE,UAAAA,SAAS,GAAGnD,KAAK,CAACkC,QAAD,CAAjB;AACAkB,UAAAA,UAAU,GAAG,CAAb;AACD,SAPD,MAOO;AACLH,UAAAA,QAAQ,CAACK,IAAT,CAAcP,KAAd;AACD;;AAED,YAAIC,UAAS,CAACT,SAAD,CAAT,KAAyB,IAAzB,IAAiCS,UAAS,CAACT,SAAD,CAAT,KAAyB,KAAK,CAAnE,EAAsE;AACpEa,UAAAA,UAAU,GAAGG,IAAI,CAACC,GAAL,CAASJ,UAAT,EAAqBJ,UAAS,CAACT,SAAD,CAA9B,CAAb;AACD;;AACDY,QAAAA,SAAS,IAAIH,UAAS,CAACd,QAAD,CAAtB;AACD;AACF;;AAEDe,IAAAA,QAAQ,CAACE,SAAT,GAAqBA,SAArB;;AAEA,QAAInD,KAAK,CAACgC,QAAN,KAAmB,QAAnB,IAA+Ba,cAAnC,EAAmD;AACjDI,MAAAA,QAAQ,CAACG,UAAT,GACEpD,KAAK,CAACuC,SAAD,CAAL,KAAqBb,SAArB,GAAiC1B,KAAK,CAACuC,SAAD,CAAtC,GAAoDa,UADtD;AAED,KAHD,MAGO;AACLH,MAAAA,QAAQ,CAACG,UAAT,GAAsBA,UAAtB;AACD;;AAED,QAAID,SAAS,GAAG,CAAhB,EAAmB;AACjB;AACA,UAAIM,KAAK,GAAGzD,KAAK,CAACkC,QAAD,CAAL,IAAmBlC,KAAK,CAACkC,QAAD,CAAL,GAAkBiB,SAArC,CAAZ;AACA,UAAIO,WAAW,GAAGpB,QAAlB;;AACA,WAAK,IAAIQ,GAAC,GAAG,CAAb,EAAgBA,GAAC,GAAG7B,KAAK,CAACH,MAA1B,EAAkCgC,GAAC,EAAnC,EAAuC;AACrC,YAAIC,MAAI,GAAG9B,KAAK,CAAC6B,GAAD,CAAhB;;AACA,YAAIE,WAAS,GAAGlD,QAAQ,CAACiD,MAAD,CAAxB;;AAEA,YAAIC,WAAS,CAACK,IAAd,EAAoB;AAClBL,UAAAA,WAAS,CAACd,QAAD,CAAT,GAAsB,CAAtB;AACD;;AACDc,QAAAA,WAAS,CAACd,QAAD,CAAT,GAAsBc,WAAS,CAACd,QAAD,CAAT,GAAsBuB,KAA5C;AAEAT,QAAAA,WAAS,CAACb,SAAD,CAAT,GAAuBuB,WAAvB;AACAV,QAAAA,WAAS,CAACZ,OAAD,CAAT,GACEY,WAAS,CAACb,SAAD,CAAT,GAAuBE,QAAQ,GAAGW,WAAS,CAACd,QAAD,CAD7C;AAEAwB,QAAAA,WAAW,GAAGV,WAAS,CAACZ,OAAD,CAAvB;AACD;AACF,KAlBD,MAkBO;AACLc,MAAAA,SAAS,CAACvB,OAAV,CAAkB,UAAAV,KAAK,EAAI;AACzB,YAAIkC,SAAS,GAAGlC,KAAK,CAACkC,SAAtB;AACA,YAAIQ,SAAS,GAAG,CAAhB;;AACA,aAAK,IAAIb,GAAC,GAAG,CAAb,EAAgBA,GAAC,GAAG7B,KAAK,CAACH,MAA1B,EAAkCgC,GAAC,EAAnC,EAAuC;AACrC,cAAIC,MAAI,GAAG9B,KAAK,CAAC6B,GAAD,CAAhB;;AACA,cAAIE,WAAS,GAAGlD,QAAQ,CAACiD,MAAD,CAAxB;;AAEA,cAAIC,WAAS,CAACK,IAAV,KAAmB,IAAnB,IAA2BL,WAAS,CAACK,IAAV,KAAmB,KAAK,CAAvD,EAA0D;AACxDM,YAAAA,SAAS,IAAIX,WAAS,CAACK,IAAvB;AACA;AACD;AACF;;AAED,YAAIM,SAAS,GAAG,CAAhB,EAAmB;AACjB,cAAID,YAAW,GAAGpB,QAAlB;;AACA,eAAK,IAAIQ,GAAC,GAAG,CAAb,EAAgBA,GAAC,GAAG7B,KAAK,CAACH,MAA1B,EAAkCgC,GAAC,EAAnC,EAAuC;AACrC,gBAAIC,MAAI,GAAG9B,KAAK,CAAC6B,GAAD,CAAhB;;AACA,gBAAIE,WAAS,GAAGlD,QAAQ,CAACiD,MAAD,CAAxB;;AAEA,gBAAIC,WAAS,CAACK,IAAd,EAAoB;AAClBL,cAAAA,WAAS,CAACd,QAAD,CAAT,GAAuBiB,SAAS,GAAGQ,SAAb,GAA0BX,WAAS,CAACK,IAA1D;AACD;;AAEDL,YAAAA,WAAS,CAACb,SAAD,CAAT,GAAuBuB,YAAvB;AACAV,YAAAA,WAAS,CAACZ,OAAD,CAAT,GACEY,WAAS,CAACb,SAAD,CAAT,GAAuBE,QAAQ,GAAGW,WAAS,CAACd,QAAD,CAD7C;AAEAwB,YAAAA,YAAW,GAAGV,WAAS,CAACZ,OAAD,CAAvB;AACD;AACF,SAfD,MAeO;AACL;AAEA,cAAIsB,aAAJ,EAAiBE,KAAjB;;AACA,cAAI5D,KAAK,CAAC+B,cAAN,KAAyB,YAA7B,EAA2C;AACzC2B,YAAAA,aAAW,GAAGpB,QAAd;AACAsB,YAAAA,KAAI,GAAG,CAAP;AACD;;AAED,cAAI5D,KAAK,CAAC+B,cAAN,KAAyB,UAA7B,EAAyC;AACvC2B,YAAAA,aAAW,GAAGP,SAAS,GAAGd,QAAZ,GAAuBC,QAArC;AACAsB,YAAAA,KAAI,GAAG,CAAP;AACD;;AAED,cAAI5D,KAAK,CAAC+B,cAAN,KAAyB,QAA7B,EAAuC;AACrC2B,YAAAA,aAAW,GAAIP,SAAS,GAAG,CAAb,GAAkBd,QAAlB,GAA6BC,QAA3C;AACAsB,YAAAA,KAAI,GAAG,CAAP;AACD;;AAED,cAAI5D,KAAK,CAAC+B,cAAN,KAAyB,eAA7B,EAA8C;AAC5C6B,YAAAA,KAAI,GAAIT,SAAS,IAAIlC,KAAK,CAACH,MAAN,GAAe,CAAnB,CAAV,GAAmCuB,QAA1C;AACAqB,YAAAA,aAAW,GAAGpB,QAAd;AACD;;AAED,cAAItC,KAAK,CAAC+B,cAAN,KAAyB,cAA7B,EAA6C;AAC3C6B,YAAAA,KAAI,GAAIT,SAAS,GAAGlC,KAAK,CAACH,MAAnB,GAA6BuB,QAApC;AACAqB,YAAAA,aAAW,GAAGE,KAAI,GAAG,CAAP,GAAWtB,QAAzB;AACD;;AAED,eAAK,IAAIQ,GAAC,GAAG,CAAb,EAAgBA,GAAC,GAAG7B,KAAK,CAACH,MAA1B,EAAkCgC,GAAC,EAAnC,EAAuC;AACrC,gBAAIC,MAAI,GAAG9B,KAAK,CAAC6B,GAAD,CAAhB;;AACA,gBAAIE,WAAS,GAAGlD,QAAQ,CAACiD,MAAD,CAAxB;;AACAC,YAAAA,WAAS,CAACb,SAAD,CAAT,GAAuBuB,aAAvB;AACAV,YAAAA,WAAS,CAACZ,OAAD,CAAT,GACEY,WAAS,CAACb,SAAD,CAAT,GAAuBE,QAAQ,GAAGW,WAAS,CAACd,QAAD,CAD7C;AAEAwB,YAAAA,aAAW,GAAGV,WAAS,CAACZ,OAAD,CAAT,GAAqBwB,KAAnC;AACD;AACF;AACF,OAlED;AAmED;;AAEDR,IAAAA,UAAU,GAAG,IAAb,CA1PuC,CA2PvC;;AACA,QAAI,CAACpD,KAAK,CAACuC,SAAD,CAAV,EAAuB;AACrB;AACAa,MAAAA,UAAU,GAAG,CAAb;AACArC,MAAAA,YAAY,CAACwB,SAAD,CAAZ,GAA0B,CAA1B;;AACA,WAAK,IAAIO,GAAC,GAAG,CAAb,EAAgBA,GAAC,GAAGI,SAAS,CAACpC,MAA9B,EAAsCgC,GAAC,EAAvC,EAA2C;AACzC/B,QAAAA,YAAY,CAACwB,SAAD,CAAZ,GACExB,YAAY,CAACwB,SAAD,CAAZ,GAA0BU,QAAQ,CAACH,GAAD,CAAR,CAAYM,UADxC;AAED;AACF,KARD,MAQO;AACLA,MAAAA,UAAU,GAAGpD,KAAK,CAACuC,SAAD,CAAlB;;AACA,WAAK,IAAIO,GAAC,GAAG,CAAb,EAAgBA,GAAC,GAAGI,SAAS,CAACpC,MAA9B,EAAsCgC,GAAC,EAAvC,EAA2C;AACzCM,QAAAA,UAAU,IAAIF,SAAS,CAACJ,GAAD,CAAT,CAAaM,UAA3B;AACD;AACF;;AAED,QAAIpD,KAAK,CAACgC,QAAN,KAAmB,cAAvB,EAAuC;AACrCW,MAAAA,SAAS,GAAG3C,KAAK,CAACuC,SAAD,CAAjB;AACD,KAFD,MAEO;AACLI,MAAAA,SAAS,GAAG,CAAZ;AACD;;AAED,QAAIkB,QAAQ,GAAG7D,KAAK,CAACuC,SAAD,CAAL,GAAmBW,SAAS,CAACpC,MAA5C;AACA,QAAI8C,IAAJ;;AACA,QAAI5D,KAAK,CAACiC,YAAN,KAAuB,YAA3B,EAAyC;AACvCU,MAAAA,SAAS,IAAI,CAAb;AACAiB,MAAAA,IAAI,GAAG,CAAP;AACD;;AACD,QAAI5D,KAAK,CAACiC,YAAN,KAAuB,UAA3B,EAAuC;AACrCU,MAAAA,SAAS,IAAID,SAAS,GAAGU,UAAzB;AACAQ,MAAAA,IAAI,GAAG,CAAP;AACD;;AACD,QAAI5D,KAAK,CAACiC,YAAN,KAAuB,QAA3B,EAAqC;AACnCU,MAAAA,SAAS,IAAKD,SAAS,GAAGU,UAAb,GAA2B,CAAxC;AACAQ,MAAAA,IAAI,GAAG,CAAP;AACD;;AAED,QAAI5D,KAAK,CAACiC,YAAN,KAAuB,eAA3B,EAA4C;AAC1CU,MAAAA,SAAS,IAAI,CAAb;AACAiB,MAAAA,IAAI,GAAGR,UAAU,IAAIF,SAAS,CAACpC,MAAV,GAAmB,CAAvB,CAAjB;AACD;;AAED,QAAId,KAAK,CAACiC,YAAN,KAAuB,cAA3B,EAA2C;AACzC2B,MAAAA,IAAI,GAAGR,UAAU,GAAGF,SAAS,CAACpC,MAA9B;AACA6B,MAAAA,SAAS,IAAKD,SAAS,GAAGkB,IAAb,GAAqB,CAAlC;AACD;;AAED,QAAI5D,KAAK,CAACiC,YAAN,KAAuB,SAA3B,EAAsC;AACpC2B,MAAAA,IAAI,GAAG,CAAP;AACAjB,MAAAA,SAAS,IAAI,CAAb;AACD;;AAEDO,IAAAA,SAAS,CAACvB,OAAV,CAAkB,UAASV,KAAT,EAAgB;AAChC,UAAI6C,aAAa,GACf9D,KAAK,CAACiC,YAAN,KAAuB,SAAvB,GACIhB,KAAK,CAACmC,UAAN,GAAmBA,UAAU,GAAGF,SAAS,CAACpC,MAD9C,GAEIG,KAAK,CAACmC,UAHZ;;AAKA,WAAK,IAAIN,GAAC,GAAG,CAAb,EAAgBA,GAAC,GAAG7B,KAAK,CAACH,MAA1B,EAAkCgC,GAAC,EAAnC,EAAuC;AACrC,YAAIC,MAAI,GAAG9B,KAAK,CAAC6B,GAAD,CAAhB;;AACA,YAAIE,WAAS,GAAGlD,QAAQ,CAACiD,MAAD,CAAxB;;AAEA,YAAIgB,KAAK,GAAGf,WAAS,CAACgB,SAAV,IAAuBhE,KAAK,CAAC8B,UAAzC;;AAEA,YAAIiB,MAAI,KAAK,IAAb,EAAmB;AACjBC,UAAAA,WAAS,CAACT,SAAD,CAAT,GAAuBwB,KAAK,KAAK,SAAV,GAAsBD,aAAtB,GAAsC,CAA7D;AACD;;AAED,YAAIC,KAAK,KAAK,YAAd,EAA4B;AAC1Bf,UAAAA,WAAS,CAACR,UAAD,CAAT,GAAwBG,SAAxB;AACAK,UAAAA,WAAS,CAACP,QAAD,CAAT,GACEO,WAAS,CAACR,UAAD,CAAT,GAAwBE,SAAS,GAAGM,WAAS,CAACT,SAAD,CAD/C;AAED;;AAED,YAAIwB,KAAK,KAAK,UAAd,EAA0B;AACxBf,UAAAA,WAAS,CAACP,QAAD,CAAT,GAAsBE,SAAS,GAAGD,SAAS,GAAGoB,aAA9C;AACAd,UAAAA,WAAS,CAACR,UAAD,CAAT,GACEQ,WAAS,CAACP,QAAD,CAAT,GAAsBC,SAAS,GAAGM,WAAS,CAACT,SAAD,CAD7C;AAED;;AAED,YAAIwB,KAAK,KAAK,QAAd,EAAwB;AACtBf,UAAAA,WAAS,CAACR,UAAD,CAAT,GACEG,SAAS,GACRD,SAAS,IAAIoB,aAAa,GAAGd,WAAS,CAACT,SAAD,CAA7B,CAAV,GAAuD,CAFzD;AAGAS,UAAAA,WAAS,CAACP,QAAD,CAAT,GACEO,WAAS,CAACR,UAAD,CAAT,GAAwBE,SAAS,GAAGM,WAAS,CAACT,SAAD,CAD/C;AAED;;AAED,YAAIwB,KAAK,KAAK,SAAd,EAAyB;AACvBf,UAAAA,WAAS,CAACR,UAAD,CAAT,GAAwBG,SAAxB;AACAK,UAAAA,WAAS,CAACP,QAAD,CAAT,GACEE,SAAS,GACTD,SAAS,IACNM,WAAS,CAACT,SAAD,CAAT,KAAyB,IAAzB,IAAiCS,WAAS,CAACT,SAAD,CAAT,KAAyB,KAAK,CAA/D,GACGS,WAAS,CAACT,SAAD,CADZ,GAEGuB,aAHG,CAFX;AAMAd,UAAAA,WAAS,CAACT,SAAD,CAAT,GACEG,SAAS,IAAIM,WAAS,CAACP,QAAD,CAAT,GAAsBO,WAAS,CAACR,UAAD,CAAnC,CADX;AAED;AACF;;AAEDG,MAAAA,SAAS,IAAID,SAAS,IAAIoB,aAAa,GAAGF,IAApB,CAAtB;AACD,KAlDD,EA/SuC,CAkWvC;AACD;AACF;;AAEDK,MAAM,CAACC,OAAP,GAAiBvD,MAAjB","sourceRoot":"C:\\Users\\hong\\projects\\geekTime\\homework\\week11\\html-parser\\src\\","sourcesContent":["function getStyle(element) {\r\n  if (!element.style) element.style = {};\r\n\r\n  // console.log(\"getStyle -> computedStyle=\", element.computedStyle);\r\n  for (let prop in element.computedStyle) {\r\n    let p = element.computedStyle.value;\r\n    element.style[prop] = element.computedStyle[prop].value;\r\n\r\n    if (element.style[prop].toString().match(/px$/)) {\r\n      element.style[prop] = parseInt(element.style[prop]);\r\n    }\r\n\r\n    if (element.style[prop].toString().match(/^[0-9\\.]+$/)) {\r\n      element.style[prop] = parseInt(element.style[prop]);\r\n    }\r\n  }\r\n\r\n  console.log(\r\n    \"getStyle -> element name=\",\r\n    element.tagName,\r\n    \" style=\",\r\n    element.style\r\n  );\r\n  return element.style;\r\n}\r\n\r\nfunction layout(element) {\r\n  // check if computedStyle is empty\r\n  if (\r\n    !element.computedStyle ||\r\n    Object.keys(element.computedStyle).length === 0\r\n  ) {\r\n    return;\r\n  }\r\n\r\n  let elementStyle = getStyle(element);\r\n\r\n  if (\r\n    elementStyle &&\r\n    elementStyle.display !== null &&\r\n    elementStyle.display !== \"flex\"\r\n  ) {\r\n    return;\r\n  }\r\n\r\n  let items = element.children.filter(e => e.type === \"element\");\r\n\r\n  items.sort((a, b) => {\r\n    return (a.order || 0) - (b.order || 0);\r\n  });\r\n\r\n  let style = elementStyle;\r\n\r\n  if (style != null && style != undefined) {\r\n    [\"width\", \"height\"].forEach(size => {\r\n      if (style[size] === \"auto\" || style[size] === \"\") {\r\n        style[size] = null;\r\n      }\r\n    });\r\n\r\n    if (!style.flexDirection || style.flexDirection === \"auto\")\r\n      style.flexDirection = \"row\";\r\n\r\n    if (!style.alignItems || style.alignItems === \"auto\")\r\n      style.alignItems = \"stretch\";\r\n\r\n    if (!style.justifyContent || style.justifyContent === \"auto\")\r\n      style.justifyContent = \"flex-start\";\r\n\r\n    if (!style.flexWrap || style.flexWrap === \"auto\") style.flexWrap = \"nowrap\";\r\n\r\n    if (!style.alignContent || style.alignContent === \"auto\")\r\n      style.alignContent = \"stretch\";\r\n\r\n    let mainSize,\r\n      mainStart,\r\n      mainEnd,\r\n      mainSign,\r\n      mainBase,\r\n      crossSize,\r\n      crossStart,\r\n      crossEnd,\r\n      crossSign,\r\n      crossBase;\r\n\r\n    if (style.flexDirection === \"row\") {\r\n      mainSize = \"width\";\r\n      mainStart = \"left\";\r\n      mainEnd = \"right\";\r\n      mainSign = +1;\r\n      mainBase = 0;\r\n\r\n      crossSize = \"height\";\r\n      crossStart = \"top\";\r\n      crossEnd = \"bottom\";\r\n    }\r\n\r\n    if (style.flexDirection === \"row-reverse\") {\r\n      mainSize = \"width\";\r\n      mainStart = \"right\";\r\n      mainEnd = \"left\";\r\n      mainSign = -1;\r\n      mainBase = 0;\r\n\r\n      crossSize = \"height\";\r\n      crossStart = \"top\";\r\n      crossEnd = \"bottom\";\r\n    }\r\n\r\n    if (style.flexDirection === \"column\") {\r\n      mainSize = \"height\";\r\n      mainStart = \"top\";\r\n      mainEnd = \"bottom\";\r\n      mainSign = +1;\r\n      mainBase = 0;\r\n\r\n      crossSize = \"width\";\r\n      crossStart = \"left\";\r\n      crossEnd = \"right\";\r\n    }\r\n\r\n    if (style.flexDirection === \"column-reverse\") {\r\n      mainSize = \"height\";\r\n      mainStart = \"bottom\";\r\n      mainEnd = \"top\";\r\n      mainSign = -1;\r\n      mainBase = 0;\r\n\r\n      crossSize = \"width\";\r\n      crossStart = \"left\";\r\n      crossEnd = \"right\";\r\n    }\r\n\r\n    if (style.flexWrap === \"wrap-reverse\") {\r\n      let tmp = crossStart;\r\n      crossStart = crossEnd;\r\n      crossEnd = tmp;\r\n      crossSign = -1;\r\n    } else {\r\n      crossBase = 0;\r\n      crossSign = 1;\r\n    }\r\n\r\n    let isAutoMainSize = false;\r\n    if (!style[mainSize]) {\r\n      elementStyle[mainSize] = 0;\r\n\r\n      for (let i = 0; i < items.length; i++) {\r\n        let item = items[i];\r\n        let itemStyle = getStyle(item);\r\n\r\n        if (itemStyle[mainSize] != null || itemStyle[mainSize] !== void 0) {\r\n          elementStyle[mainSize] = elementStyle[mainSize] + itemStyle[mainSize];\r\n        }\r\n      }\r\n\r\n      isAutoMainSize = true;\r\n    }\r\n\r\n    let flexLine = [];\r\n    let flexLines = [flexLine];\r\n\r\n    let mainSpace = elementStyle[mainSize];\r\n    let crossSpace = 0;\r\n\r\n    for (let i = 0; i < items.length; i++) {\r\n      let item = items[i];\r\n      let itemStyle = getStyle(item);\r\n\r\n      if (itemStyle[mainSize] === null || itemStyle[mainSize] === undefined) {\r\n        itemStyle[mainSize] = 0;\r\n      }\r\n\r\n      if (itemStyle.flex) {\r\n        flexLine.push(item);\r\n      } else if (style.flexWrap === \"nowrap\" && isAutoMainSize) {\r\n        mainSpace -= itemStyle[mainSize];\r\n\r\n        if (itemStyle[crossSize] !== null && itemStyle[crossSize] !== void 0) {\r\n          crossSpace = Math.max(crossSpace, itemStyle[crossSize]);\r\n        }\r\n\r\n        flexLine.push(item);\r\n      } else {\r\n        if (itemStyle[mainSize] > style[mainSize]) {\r\n          itemStyle[mainSize] = style[mainSize];\r\n        }\r\n\r\n        if (mainSpace < itemStyle[mainSize]) {\r\n          flexLine.mainSpace = mainSpace;\r\n          flexLine.crossSpace = crossSpace;\r\n          flexLine = [item];\r\n          flexLines.push(flexLine);\r\n          mainSpace = style[mainSize];\r\n          crossSpace = 0;\r\n        } else {\r\n          flexLine.push(item);\r\n        }\r\n\r\n        if (itemStyle[crossSize] !== null && itemStyle[crossSize] !== void 0) {\r\n          crossSpace = Math.max(crossSpace, itemStyle[crossSize]);\r\n        }\r\n        mainSpace -= itemStyle[mainSize];\r\n      }\r\n    }\r\n\r\n    flexLine.mainSpace = mainSpace;\r\n\r\n    if (style.flexWrap === \"nowrap\" || isAutoMainSize) {\r\n      flexLine.crossSpace =\r\n        style[crossSize] !== undefined ? style[crossSize] : crossSpace;\r\n    } else {\r\n      flexLine.crossSpace = crossSpace;\r\n    }\r\n\r\n    if (mainSpace < 0) {\r\n      // overflow\r\n      let scale = style[mainSize] / (style[mainSize] - mainSpace);\r\n      let currentMain = mainBase;\r\n      for (let i = 0; i < items.length; i++) {\r\n        let item = items[i];\r\n        let itemStyle = getStyle(item);\r\n\r\n        if (itemStyle.flex) {\r\n          itemStyle[mainSize] = 0;\r\n        }\r\n        itemStyle[mainSize] = itemStyle[mainSize] * scale;\r\n\r\n        itemStyle[mainStart] = currentMain;\r\n        itemStyle[mainEnd] =\r\n          itemStyle[mainStart] + mainSign * itemStyle[mainSize];\r\n        currentMain = itemStyle[mainEnd];\r\n      }\r\n    } else {\r\n      flexLines.forEach(items => {\r\n        let mainSpace = items.mainSpace;\r\n        let flexTotal = 0;\r\n        for (let i = 0; i < items.length; i++) {\r\n          let item = items[i];\r\n          let itemStyle = getStyle(item);\r\n\r\n          if (itemStyle.flex !== null && itemStyle.flex !== void 0) {\r\n            flexTotal += itemStyle.flex;\r\n            continue;\r\n          }\r\n        }\r\n\r\n        if (flexTotal > 0) {\r\n          let currentMain = mainBase;\r\n          for (let i = 0; i < items.length; i++) {\r\n            let item = items[i];\r\n            let itemStyle = getStyle(item);\r\n\r\n            if (itemStyle.flex) {\r\n              itemStyle[mainSize] = (mainSpace / flexTotal) * itemStyle.flex;\r\n            }\r\n\r\n            itemStyle[mainStart] = currentMain;\r\n            itemStyle[mainEnd] =\r\n              itemStyle[mainStart] + mainSign * itemStyle[mainSize];\r\n            currentMain = itemStyle[mainEnd];\r\n          }\r\n        } else {\r\n          // no flex items justifyContent\r\n\r\n          let currentMain, step;\r\n          if (style.justifyContent === \"flex-start\") {\r\n            currentMain = mainBase;\r\n            step = 0;\r\n          }\r\n\r\n          if (style.justifyContent === \"flex-end\") {\r\n            currentMain = mainSpace * mainSign + mainBase;\r\n            step = 0;\r\n          }\r\n\r\n          if (style.justifyContent === \"center\") {\r\n            currentMain = (mainSpace / 2) * mainSign + mainBase;\r\n            step = 0;\r\n          }\r\n\r\n          if (style.justifyContent === \"space-between\") {\r\n            step = (mainSpace / (items.length - 1)) * mainSign;\r\n            currentMain = mainBase;\r\n          }\r\n\r\n          if (style.justifyContent === \"space-around\") {\r\n            step = (mainSpace / items.length) * mainSign;\r\n            currentMain = step / 2 + mainBase;\r\n          }\r\n\r\n          for (let i = 0; i < items.length; i++) {\r\n            let item = items[i];\r\n            let itemStyle = getStyle(item);\r\n            itemStyle[mainStart] = currentMain;\r\n            itemStyle[mainEnd] =\r\n              itemStyle[mainStart] + mainSign * itemStyle[mainSize];\r\n            currentMain = itemStyle[mainEnd] + step;\r\n          }\r\n        }\r\n      });\r\n    }\r\n\r\n    crossSpace = null;\r\n    //compute the cross axis size\r\n    if (!style[crossSize]) {\r\n      // auto sizing\r\n      crossSpace = 0;\r\n      elementStyle[crossSize] = 0;\r\n      for (let i = 0; i < flexLines.length; i++) {\r\n        elementStyle[crossSize] =\r\n          elementStyle[crossSize] + flexLine[i].crossSpace;\r\n      }\r\n    } else {\r\n      crossSpace = style[crossSize];\r\n      for (let i = 0; i < flexLines.length; i++) {\r\n        crossSpace -= flexLines[i].crossSpace;\r\n      }\r\n    }\r\n\r\n    if (style.flexWrap === \"wrap-reverse\") {\r\n      crossBase = style[crossSize];\r\n    } else {\r\n      crossBase = 0;\r\n    }\r\n\r\n    let lineSize = style[crossSize] / flexLines.length;\r\n    let step;\r\n    if (style.alignContent === \"flex-start\") {\r\n      crossBase += 0;\r\n      step = 0;\r\n    }\r\n    if (style.alignContent === \"flex-end\") {\r\n      crossBase += crossSign * crossSpace;\r\n      step = 0;\r\n    }\r\n    if (style.alignContent === \"center\") {\r\n      crossBase += (crossSign * crossSpace) / 2;\r\n      step = 0;\r\n    }\r\n\r\n    if (style.alignContent === \"space-between\") {\r\n      crossBase += 0;\r\n      step = crossSpace / (flexLines.length - 1);\r\n    }\r\n\r\n    if (style.alignContent === \"space-around\") {\r\n      step = crossSpace / flexLines.length;\r\n      crossBase += (crossSign * step) / 2;\r\n    }\r\n\r\n    if (style.alignContent === \"stretch\") {\r\n      step = 0;\r\n      crossBase += 0;\r\n    }\r\n\r\n    flexLines.forEach(function(items) {\r\n      let lineCrossSize =\r\n        style.alignContent === \"stretch\"\r\n          ? items.crossSpace + crossSpace / flexLines.length\r\n          : items.crossSpace;\r\n\r\n      for (let i = 0; i < items.length; i++) {\r\n        let item = items[i];\r\n        let itemStyle = getStyle(item);\r\n\r\n        let align = itemStyle.alignSelf || style.alignItems;\r\n\r\n        if (item === null) {\r\n          itemStyle[crossSize] = align === \"stretch\" ? lineCrossSize : 0;\r\n        }\r\n\r\n        if (align === \"flex-start\") {\r\n          itemStyle[crossStart] = crossBase;\r\n          itemStyle[crossEnd] =\r\n            itemStyle[crossStart] + crossSign * itemStyle[crossSize];\r\n        }\r\n\r\n        if (align === \"flex-end\") {\r\n          itemStyle[crossEnd] = crossBase + crossSign * lineCrossSize;\r\n          itemStyle[crossStart] =\r\n            itemStyle[crossEnd] - crossSign * itemStyle[crossSize];\r\n        }\r\n\r\n        if (align === \"center\") {\r\n          itemStyle[crossStart] =\r\n            crossBase +\r\n            (crossSign * (lineCrossSize - itemStyle[crossSize])) / 2;\r\n          itemStyle[crossEnd] =\r\n            itemStyle[crossStart] + crossSign * itemStyle[crossSize];\r\n        }\r\n\r\n        if (align === \"stretch\") {\r\n          itemStyle[crossStart] = crossBase;\r\n          itemStyle[crossEnd] =\r\n            crossBase +\r\n            crossSign *\r\n              (itemStyle[crossSize] !== null && itemStyle[crossSize] !== void 0\r\n                ? itemStyle[crossSize]\r\n                : lineCrossSize);\r\n          itemStyle[crossSize] =\r\n            crossSign * (itemStyle[crossEnd] - itemStyle[crossStart]);\r\n        }\r\n      }\r\n\r\n      crossBase += crossSign * (lineCrossSize + step);\r\n    });\r\n    // console.log(\"items=\", items);\r\n  }\r\n}\r\n\r\nmodule.exports = layout;\r\n"]},"_coverageSchema":"1a1c01bbd47fc00a2c39e90264f33305004495a9","hash":"ea7090ebc36db9c4209b9dee9b95a64c17f18132","contentHash":"b17fcecb413c99d93466a3f426539fe1816b4f4a30445983327fbd8bf4c780ee"}}